#
# There is insufficient memory for the Java Runtime Environment to continue.
# Native memory allocation (mmap) failed to map 2863136768 bytes for committing reserved memory.
# Possible reasons:
#   The system is out of physical RAM or swap space
#   The process is running with CompressedOops enabled, and the Java Heap may be blocking the growth of the native heap
# Possible solutions:
#   Reduce memory load on the system
#   Increase physical memory or swap space
#   Check if swap backing store is full
#   Decrease Java heap size (-Xmx/-Xms)
#   Decrease number of Java threads
#   Decrease Java thread stack sizes (-Xss)
#   Set larger code cache with -XX:ReservedCodeCacheSize=
# This output file may be truncated or incomplete.
#
#  Out of Memory Error (os_linux.cpp:2754), pid=5886, tid=0x00007fc41d2f4700
#
# JRE version:  (8.0_222-b05) (build )
# Java VM: OpenJDK 64-Bit Server VM (25.222-b05 mixed mode linux-amd64 compressed oops)
# Core dump written. Default location: /home/naniwa/resarch/git/sskit-core-library/doAlignment/core or core.5886
#

---------------  T H R E A D  ---------------

Current thread (0x00007fc41800a800):  JavaThread "Unknown thread" [_thread_in_vm, id=5887, stack(0x00007fc41d1f5000,0x00007fc41d2f5000)]

Stack: [0x00007fc41d1f5000,0x00007fc41d2f5000],  sp=0x00007fc41d2f3620,  free space=1017k
Native frames: (J=compiled Java code, j=interpreted, Vv=VM code, C=native code)
V  [libjvm.so+0xa0865c]
V  [libjvm.so+0x4aa2ee]
V  [libjvm.so+0x87070c]
V  [libjvm.so+0x868140]
V  [libjvm.so+0x8dfd6f]
V  [libjvm.so+0x8e1c21]
V  [libjvm.so+0x2b7f81]
V  [libjvm.so+0x8922e9]
V  [libjvm.so+0x9cf6da]
V  [libjvm.so+0x9cf995]
V  [libjvm.so+0x5e495a]
V  [libjvm.so+0x9b3abe]
V  [libjvm.so+0x64eb12]  JNI_CreateJavaVM+0x52
C  [libjli.so+0x39b1]
C  [libpthread.so.0+0x957f]  start_thread+0xef


---------------  P R O C E S S  ---------------

Java Threads: ( => current thread )

Other Threads:

=>0x00007fc41800a800 (exited) JavaThread "Unknown thread" [_thread_in_vm, id=5887, stack(0x00007fc41d1f5000,0x00007fc41d2f5000)]

VM state:not at safepoint (not fully initialized)

VM Mutex/Monitor currently owned by a thread: None

heap address: 0x00000004c0000000, size: 12288 MB, Compressed Oops mode: Non-zero based:0x00000004bffff000, Oop shift amount: 3
Narrow klass base: 0x0000000000000000, Narrow klass shift: 0

GC Heap History (0 events):
No events

Deoptimization events (0 events):
No events

Classes redefined (0 events):
No events

Internal exceptions (0 events):
No events

Events (0 events):
No events


Dynamic libraries:
4c0000000-6c0000000 ---p 00000000 00:00 0 
76aa80000-7c0000000 ---p 00000000 00:00 0 
55a0b1aac000-55a0b1aad000 r--p 00000000 08:02 3283385                    /usr/lib/jvm/java-8-openjdk/jre/bin/java
55a0b1aad000-55a0b1aae000 r-xp 00001000 08:02 3283385                    /usr/lib/jvm/java-8-openjdk/jre/bin/java
55a0b1aae000-55a0b1aaf000 r--p 00002000 08:02 3283385                    /usr/lib/jvm/java-8-openjdk/jre/bin/java
55a0b1aaf000-55a0b1ab0000 r--p 00002000 08:02 3283385                    /usr/lib/jvm/java-8-openjdk/jre/bin/java
55a0b1ab0000-55a0b1ab1000 rw-p 00003000 08:02 3283385                    /usr/lib/jvm/java-8-openjdk/jre/bin/java
55a0b1ae5000-55a0b1b06000 rw-p 00000000 00:00 0                          [heap]
7fc4077ff000-7fc408fff000 ---p 00000000 00:00 0 
7fc408fff000-7fc409000000 rw-p 00000000 00:00 0 
7fc409000000-7fc409270000 rwxp 00000000 00:00 0 
7fc409270000-7fc418000000 ---p 00000000 00:00 0 
7fc418000000-7fc418033000 rw-p 00000000 00:00 0 
7fc418033000-7fc41c000000 ---p 00000000 00:00 0 
7fc41cdc6000-7fc41cdd0000 rw-p 00000000 00:00 0 
7fc41cdd0000-7fc41d186000 ---p 00000000 00:00 0 
7fc41d186000-7fc41d189000 r--p 00000000 08:02 528780                     /usr/lib/libnss_files-2.29.so
7fc41d189000-7fc41d190000 r-xp 00003000 08:02 528780                     /usr/lib/libnss_files-2.29.so
7fc41d190000-7fc41d192000 r--p 0000a000 08:02 528780                     /usr/lib/libnss_files-2.29.so
7fc41d192000-7fc41d193000 r--p 0000b000 08:02 528780                     /usr/lib/libnss_files-2.29.so
7fc41d193000-7fc41d194000 rw-p 0000c000 08:02 528780                     /usr/lib/libnss_files-2.29.so
7fc41d194000-7fc41d19a000 rw-p 00000000 00:00 0 
7fc41d1de000-7fc41d1e1000 r--p 00000000 08:02 3283433                    /usr/lib/jvm/java-8-openjdk/jre/lib/amd64/libzip.so
7fc41d1e1000-7fc41d1e5000 r-xp 00003000 08:02 3283433                    /usr/lib/jvm/java-8-openjdk/jre/lib/amd64/libzip.so
7fc41d1e5000-7fc41d1e7000 r--p 00007000 08:02 3283433                    /usr/lib/jvm/java-8-openjdk/jre/lib/amd64/libzip.so
7fc41d1e7000-7fc41d1e8000 r--p 00008000 08:02 3283433                    /usr/lib/jvm/java-8-openjdk/jre/lib/amd64/libzip.so
7fc41d1e8000-7fc41d1e9000 rw-p 00009000 08:02 3283433                    /usr/lib/jvm/java-8-openjdk/jre/lib/amd64/libzip.so
7fc41d1e9000-7fc41d1ec000 r--p 00000000 08:02 528799                     /usr/lib/librt-2.29.so
7fc41d1ec000-7fc41d1f0000 r-xp 00003000 08:02 528799                     /usr/lib/librt-2.29.so
7fc41d1f0000-7fc41d1f2000 r--p 00007000 08:02 528799                     /usr/lib/librt-2.29.so
7fc41d1f2000-7fc41d1f3000 r--p 00008000 08:02 528799                     /usr/lib/librt-2.29.so
7fc41d1f3000-7fc41d1f4000 rw-p 00009000 08:02 528799                     /usr/lib/librt-2.29.so
7fc41d1f4000-7fc41d1f5000 ---p 00000000 00:00 0 
7fc41d1f5000-7fc41d1f8000 ---p 00000000 00:00 0 
7fc41d1f8000-7fc41d2f5000 rw-p 00000000 00:00 0 
7fc41d2f5000-7fc41d304000 r--p 00000000 08:02 528737                     /usr/lib/libm-2.29.so
7fc41d304000-7fc41d3a0000 r-xp 0000f000 08:02 528737                     /usr/lib/libm-2.29.so
7fc41d3a0000-7fc41d439000 r--p 000ab000 08:02 528737                     /usr/lib/libm-2.29.so
7fc41d439000-7fc41d43a000 r--p 00143000 08:02 528737                     /usr/lib/libm-2.29.so
7fc41d43a000-7fc41d43b000 rw-p 00144000 08:02 528737                     /usr/lib/libm-2.29.so
7fc41d43b000-7fc41d62c000 r--p 00000000 08:02 3283436                    /usr/lib/jvm/java-8-openjdk/jre/lib/amd64/server/libjvm.so
7fc41d62c000-7fc41de74000 r-xp 001f1000 08:02 3283436                    /usr/lib/jvm/java-8-openjdk/jre/lib/amd64/server/libjvm.so
7fc41de74000-7fc41e016000 r--p 00a39000 08:02 3283436                    /usr/lib/jvm/java-8-openjdk/jre/lib/amd64/server/libjvm.so
7fc41e016000-7fc41e0ab000 r--p 00bda000 08:02 3283436                    /usr/lib/jvm/java-8-openjdk/jre/lib/amd64/server/libjvm.so
7fc41e0ab000-7fc41e0d3000 rw-p 00c6f000 08:02 3283436                    /usr/lib/jvm/java-8-openjdk/jre/lib/amd64/server/libjvm.so
7fc41e0d3000-7fc41e105000 rw-p 00000000 00:00 0 
7fc41e105000-7fc41e10c000 r--p 00000000 08:02 528790                     /usr/lib/libpthread-2.29.so
7fc41e10c000-7fc41e11b000 r-xp 00007000 08:02 528790                     /usr/lib/libpthread-2.29.so
7fc41e11b000-7fc41e120000 r--p 00016000 08:02 528790                     /usr/lib/libpthread-2.29.so
7fc41e120000-7fc41e121000 r--p 0001a000 08:02 528790                     /usr/lib/libpthread-2.29.so
7fc41e121000-7fc41e122000 rw-p 0001b000 08:02 528790                     /usr/lib/libpthread-2.29.so
7fc41e122000-7fc41e126000 rw-p 00000000 00:00 0 
7fc41e126000-7fc41e127000 r--p 00000000 08:02 528728                     /usr/lib/libdl-2.29.so
7fc41e127000-7fc41e128000 r-xp 00001000 08:02 528728                     /usr/lib/libdl-2.29.so
7fc41e128000-7fc41e129000 r--p 00002000 08:02 528728                     /usr/lib/libdl-2.29.so
7fc41e129000-7fc41e12a000 r--p 00002000 08:02 528728                     /usr/lib/libdl-2.29.so
7fc41e12a000-7fc41e12b000 rw-p 00003000 08:02 528728                     /usr/lib/libdl-2.29.so
7fc41e12b000-7fc41e141000 r-xp 00000000 08:02 554463                     /usr/lib/libz.so.1.2.11
7fc41e141000-7fc41e340000 ---p 00016000 08:02 554463                     /usr/lib/libz.so.1.2.11
7fc41e340000-7fc41e341000 r--p 00015000 08:02 554463                     /usr/lib/libz.so.1.2.11
7fc41e341000-7fc41e342000 rw-p 00016000 08:02 554463                     /usr/lib/libz.so.1.2.11
7fc41e342000-7fc41e367000 r--p 00000000 08:02 528714                     /usr/lib/libc-2.29.so
7fc41e367000-7fc41e4b1000 r-xp 00025000 08:02 528714                     /usr/lib/libc-2.29.so
7fc41e4b1000-7fc41e4fa000 r--p 0016f000 08:02 528714                     /usr/lib/libc-2.29.so
7fc41e4fa000-7fc41e4fb000 ---p 001b8000 08:02 528714                     /usr/lib/libc-2.29.so
7fc41e4fb000-7fc41e4fe000 r--p 001b8000 08:02 528714                     /usr/lib/libc-2.29.so
7fc41e4fe000-7fc41e501000 rw-p 001bb000 08:02 528714                     /usr/lib/libc-2.29.so
7fc41e501000-7fc41e505000 rw-p 00000000 00:00 0 
7fc41e50d000-7fc41e515000 rw-s 00000000 00:2b 8229039                    /tmp/hsperfdata_naniwa/5886
7fc41e515000-7fc41e516000 rw-p 00000000 00:00 0 
7fc41e516000-7fc41e523000 r--p 00000000 08:02 3283415                    /usr/lib/jvm/java-8-openjdk/jre/lib/amd64/libjava.so
7fc41e523000-7fc41e539000 r-xp 0000d000 08:02 3283415                    /usr/lib/jvm/java-8-openjdk/jre/lib/amd64/libjava.so
7fc41e539000-7fc41e540000 r--p 00023000 08:02 3283415                    /usr/lib/jvm/java-8-openjdk/jre/lib/amd64/libjava.so
7fc41e540000-7fc41e541000 r--p 00029000 08:02 3283415                    /usr/lib/jvm/java-8-openjdk/jre/lib/amd64/libjava.so
7fc41e541000-7fc41e542000 rw-p 0002a000 08:02 3283415                    /usr/lib/jvm/java-8-openjdk/jre/lib/amd64/libjava.so
7fc41e542000-7fc41e543000 rw-p 00000000 00:00 0 
7fc41e543000-7fc41e548000 r--p 00000000 08:02 3283432                    /usr/lib/jvm/java-8-openjdk/jre/lib/amd64/libverify.so
7fc41e548000-7fc41e54f000 r-xp 00005000 08:02 3283432                    /usr/lib/jvm/java-8-openjdk/jre/lib/amd64/libverify.so
7fc41e54f000-7fc41e551000 r--p 0000c000 08:02 3283432                    /usr/lib/jvm/java-8-openjdk/jre/lib/amd64/libverify.so
7fc41e551000-7fc41e553000 r--p 0000d000 08:02 3283432                    /usr/lib/jvm/java-8-openjdk/jre/lib/amd64/libverify.so
7fc41e553000-7fc41e554000 rw-p 0000f000 08:02 3283432                    /usr/lib/jvm/java-8-openjdk/jre/lib/amd64/libverify.so
7fc41e554000-7fc41e557000 r--p 00000000 08:02 3283398                    /usr/lib/jvm/java-8-openjdk/jre/lib/amd64/jli/libjli.so
7fc41e557000-7fc41e560000 r-xp 00003000 08:02 3283398                    /usr/lib/jvm/java-8-openjdk/jre/lib/amd64/jli/libjli.so
7fc41e560000-7fc41e563000 r--p 0000c000 08:02 3283398                    /usr/lib/jvm/java-8-openjdk/jre/lib/amd64/jli/libjli.so
7fc41e563000-7fc41e564000 r--p 0000e000 08:02 3283398                    /usr/lib/jvm/java-8-openjdk/jre/lib/amd64/jli/libjli.so
7fc41e564000-7fc41e565000 rw-p 0000f000 08:02 3283398                    /usr/lib/jvm/java-8-openjdk/jre/lib/amd64/jli/libjli.so
7fc41e565000-7fc41e567000 rw-p 00000000 00:00 0 
7fc41e567000-7fc41e569000 r--p 00000000 08:02 528693                     /usr/lib/ld-2.29.so
7fc41e569000-7fc41e588000 r-xp 00002000 08:02 528693                     /usr/lib/ld-2.29.so
7fc41e588000-7fc41e590000 r--p 00021000 08:02 528693                     /usr/lib/ld-2.29.so
7fc41e590000-7fc41e591000 r--p 00000000 00:00 0 
7fc41e591000-7fc41e592000 r--p 00029000 08:02 528693                     /usr/lib/ld-2.29.so
7fc41e592000-7fc41e593000 rw-p 0002a000 08:02 528693                     /usr/lib/ld-2.29.so
7fc41e593000-7fc41e594000 rw-p 00000000 00:00 0 
7fffc4758000-7fffc4779000 rw-p 00000000 00:00 0                          [stack]
7fffc47d6000-7fffc47d9000 r--p 00000000 00:00 0                          [vvar]
7fffc47d9000-7fffc47da000 r-xp 00000000 00:00 0                          [vdso]

VM Arguments:
jvm_args: -Xms8G -Xmx12G 
java_command: build/libs/doAlignment.jar
java_class_path (initial): build/libs/doAlignment.jar
Launcher Type: SUN_STANDARD

Environment Variables:
PATH=/home/naniwa/bin:/usr/local/bin:/usr/bin:/bin:/usr/local/sbin:/usr/lib/jvm/default/bin:/usr/bin/site_perl:/usr/bin/vendor_perl:/usr/bin/core_perl
SHELL=/usr/bin/zsh
DISPLAY=:0

Signal Handlers:
SIGSEGV: [libjvm.so+0xa09100], sa_mask[0]=11111111011111111101111111111110, sa_flags=SA_RESTART|SA_SIGINFO
SIGBUS: [libjvm.so+0xa09100], sa_mask[0]=11111111011111111101111111111110, sa_flags=SA_RESTART|SA_SIGINFO
SIGFPE: [libjvm.so+0x86be80], sa_mask[0]=11111111011111111101111111111110, sa_flags=SA_RESTART|SA_SIGINFO
SIGPIPE: [libjvm.so+0x86be80], sa_mask[0]=11111111011111111101111111111110, sa_flags=SA_RESTART|SA_SIGINFO
SIGXFSZ: [libjvm.so+0x86be80], sa_mask[0]=11111111011111111101111111111110, sa_flags=SA_RESTART|SA_SIGINFO
SIGILL: [libjvm.so+0x86be80], sa_mask[0]=11111111011111111101111111111110, sa_flags=SA_RESTART|SA_SIGINFO
SIGUSR1: SIG_DFL, sa_mask[0]=00000000000000000000000000000000, sa_flags=none
SIGUSR2: [libjvm.so+0x86bd40], sa_mask[0]=00000000000000000000000000000000, sa_flags=SA_RESTART|SA_SIGINFO
SIGHUP: SIG_DFL, sa_mask[0]=00000000000000000000000000000000, sa_flags=none
SIGINT: SIG_DFL, sa_mask[0]=00000000000000000000000000000000, sa_flags=none
SIGTERM: SIG_DFL, sa_mask[0]=00000000000000000000000000000000, sa_flags=none
SIGQUIT: SIG_DFL, sa_mask[0]=00000000000000000000000000000000, sa_flags=none


---------------  S Y S T E M  ---------------

OS:LSB_VERSION=1.4
DISTRIB_ID=Arch
DISTRIB_RELEASE=rolling
DISTRIB_DESCRIPTION="Arch Linux"

uname:Linux 5.1.15-zen1-1-zen #1 ZEN SMP PREEMPT Tue Jun 25 04:49:28 UTC 2019 x86_64
libc:glibc 2.29 NPTL 2.29 
rlimit: STACK 8192k, CORE infinity, NPROC 63867, NOFILE 524288, AS infinity
load average:8.39 11.05 11.77

/proc/meminfo:
MemTotal:       16365144 kB
MemFree:          221080 kB
MemAvailable:     517904 kB
Buffers:           14164 kB
Cached:           877156 kB
SwapCached:            0 kB
Active:         14996836 kB
Inactive:         646976 kB
Active(anon):   14754360 kB
Inactive(anon):   369280 kB
Active(file):     242476 kB
Inactive(file):   277696 kB
Unevictable:          80 kB
Mlocked:              80 kB
SwapTotal:             0 kB
SwapFree:              0 kB
Dirty:               220 kB
Writeback:             0 kB
AnonPages:      14752604 kB
Mapped:           529308 kB
Shmem:            371124 kB
KReclaimable:      58500 kB
Slab:             180200 kB
SReclaimable:      58500 kB
SUnreclaim:       121700 kB
KernelStack:       16480 kB
PageTables:        72104 kB
NFS_Unstable:          0 kB
Bounce:                0 kB
WritebackTmp:          0 kB
CommitLimit:     8182572 kB
Committed_AS:   24925084 kB
VmallocTotal:   34359738367 kB
VmallocUsed:           0 kB
VmallocChunk:          0 kB
Percpu:            12544 kB
HardwareCorrupted:     0 kB
AnonHugePages:   6369280 kB
ShmemHugePages:        0 kB
ShmemPmdMapped:        0 kB
HugePages_Total:       0
HugePages_Free:        0
HugePages_Rsvd:        0
HugePages_Surp:        0
Hugepagesize:       2048 kB
Hugetlb:               0 kB
DirectMap4k:      518916 kB
DirectMap2M:    13060096 kB
DirectMap1G:     3145728 kB

container (cgroup) information:
container_type: cgroupv1
cpu_cpuset_cpus: 0-11
cpu_memory_nodes: 0
active_processor_count: 12
cpu_quota: -1
cpu_period: 100000
cpu_shares: -1
memory_limit_in_bytes: -1
memory_and_swap_limit_in_bytes: -1
memory_soft_limit_in_bytes: -1
memory_usage_in_bytes: 16021123072
memory_max_usage_in_bytes: 16143024128


CPU:total 12 (initial active 12) (12 cores per cpu, 1 threads per core) family 23 model 8 stepping 2, cmov, cx8, fxsr, mmx, sse, sse2, sse3, ssse3, sse4.1, sse4.2, popcnt, avx, avx2, aes, clmul, mmxext, 3dnowpref, lzcnt, sse4a, tsc, tscinvbit, tscinv, bmi1

/proc/cpuinfo:
processor	: 0
vendor_id	: AuthenticAMD
cpu family	: 23
model		: 8
model name	: AMD Ryzen 5 2600 Six-Core Processor
stepping	: 2
microcode	: 0x800820d
cpu MHz		: 1518.606
cache size	: 512 KB
physical id	: 0
siblings	: 12
core id		: 0
cpu cores	: 6
apicid		: 0
initial apicid	: 0
fpu		: yes
fpu_exception	: yes
cpuid level	: 13
wp		: yes
flags		: fpu vme de pse tsc msr pae mce cx8 apic sep mtrr pge mca cmov pat pse36 clflush mmx fxsr sse sse2 ht syscall nx mmxext fxsr_opt pdpe1gb rdtscp lm constant_tsc rep_good nopl nonstop_tsc cpuid extd_apicid aperfmperf pni pclmulqdq monitor ssse3 fma cx16 sse4_1 sse4_2 movbe popcnt aes xsave avx f16c rdrand lahf_lm cmp_legacy svm extapic cr8_legacy abm sse4a misalignsse 3dnowprefetch osvw skinit wdt tce topoext perfctr_core perfctr_nb bpext perfctr_llc mwaitx cpb hw_pstate sme ssbd sev ibpb vmmcall fsgsbase bmi1 avx2 smep bmi2 rdseed adx smap clflushopt sha_ni xsaveopt xsavec xgetbv1 xsaves clzero irperf xsaveerptr arat npt lbrv svm_lock nrip_save tsc_scale vmcb_clean flushbyasid decodeassists pausefilter pfthreshold avic v_vmsave_vmload vgif overflow_recov succor smca
bugs		: sysret_ss_attrs null_seg spectre_v1 spectre_v2 spec_store_bypass
bogomips	: 6801.48
TLB size	: 2560 4K pages
clflush size	: 64
cache_alignment	: 64
address sizes	: 43 bits physical, 48 bits virtual
power management: ts ttp tm hwpstate cpb eff_freq_ro [13] [14]

processor	: 1
vendor_id	: AuthenticAMD
cpu family	: 23
model		: 8
model name	: AMD Ryzen 5 2600 Six-Core Processor
stepping	: 2
microcode	: 0x800820d
cpu MHz		: 3799.131
cache size	: 512 KB
physical id	: 0
siblings	: 12
core id		: 1
cpu cores	: 6
apicid		: 2
initial apicid	: 2
fpu		: yes
fpu_exception	: yes
cpuid level	: 13
wp		: yes
flags		: fpu vme de pse tsc msr pae mce cx8 apic sep mtrr pge mca cmov pat pse36 clflush mmx fxsr sse sse2 ht syscall nx mmxext fxsr_opt pdpe1gb rdtscp lm constant_tsc rep_good nopl nonstop_tsc cpuid extd_apicid aperfmperf pni pclmulqdq monitor ssse3 fma cx16 sse4_1 sse4_2 movbe popcnt aes xsave avx f16c rdrand lahf_lm cmp_legacy svm extapic cr8_legacy abm sse4a misalignsse 3dnowprefetch osvw skinit wdt tce topoext perfctr_core perfctr_nb bpext perfctr_llc mwaitx cpb hw_pstate sme ssbd sev ibpb vmmcall fsgsbase bmi1 avx2 smep bmi2 rdseed adx smap clflushopt sha_ni xsaveopt xsavec xgetbv1 xsaves clzero irperf xsaveerptr arat npt lbrv svm_lock nrip_save tsc_scale vmcb_clean flushbyasid decodeassists pausefilter pfthreshold avic v_vmsave_vmload vgif overflow_recov succor smca
bugs		: sysret_ss_attrs null_seg spectre_v1 spectre_v2 spec_store_bypass
bogomips	: 6801.48
TLB size	: 2560 4K pages
clflush size	: 64
cache_alignment	: 64
address sizes	: 43 bits physical, 48 bits virtual
power management: ts ttp tm hwpstate cpb eff_freq_ro [13] [14]

processor	: 2
vendor_id	: AuthenticAMD
cpu family	: 23
model		: 8
model name	: AMD Ryzen 5 2600 Six-Core Processor
stepping	: 2
microcode	: 0x800820d
cpu MHz		: 2503.483
cache size	: 512 KB
physical id	: 0
siblings	: 12
core id		: 2
cpu cores	: 6
apicid		: 4
initial apicid	: 4
fpu		: yes
fpu_exception	: yes
cpuid level	: 13
wp		: yes
flags		: fpu vme de pse tsc msr pae mce cx8 apic sep mtrr pge mca cmov pat pse36 clflush mmx fxsr sse sse2 ht syscall nx mmxext fxsr_opt pdpe1gb rdtscp lm constant_tsc rep_good nopl nonstop_tsc cpuid extd_apicid aperfmperf pni pclmulqdq monitor ssse3 fma cx16 sse4_1 sse4_2 movbe popcnt aes xsave avx f16c rdrand lahf_lm cmp_legacy svm extapic cr8_legacy abm sse4a misalignsse 3dnowprefetch osvw skinit wdt tce topoext perfctr_core perfctr_nb bpext perfctr_llc mwaitx cpb hw_pstate sme ssbd sev ibpb vmmcall fsgsbase bmi1 avx2 smep bmi2 rdseed adx smap clflushopt sha_ni xsaveopt xsavec xgetbv1 xsaves clzero irperf xsaveerptr arat npt lbrv svm_lock nrip_save tsc_scale vmcb_clean flushbyasid decodeassists pausefilter pfthreshold avic v_vmsave_vmload vgif overflow_recov succor smca
bugs		: sysret_ss_attrs null_seg spectre_v1 spectre_v2 spec_store_bypass
bogomips	: 6801.48
TLB size	: 2560 4K pages
clflush size	: 64
cache_alignment	: 64
address sizes	: 43 bits physical, 48 bits virtual
power management: ts ttp tm hwpstate cpb eff_freq_ro [13] [14]

processor	: 3
vendor_id	: AuthenticAMD
cpu family	: 23
model		: 8
model name	: AMD Ryzen 5 2600 Six-Core Processor
stepping	: 2
microcode	: 0x800820d
cpu MHz		: 2156.346
cache size	: 512 KB
physical id	: 0
siblings	: 12
core id		: 4
cpu cores	: 6
apicid		: 8
initial apicid	: 8
fpu		: yes
fpu_exception	: yes
cpuid level	: 13
wp		: yes
flags		: fpu vme de pse tsc msr pae mce cx8 apic sep mtrr pge mca cmov pat pse36 clflush mmx fxsr sse sse2 ht syscall nx mmxext fxsr_opt pdpe1gb rdtscp lm constant_tsc rep_good nopl nonstop_tsc cpuid extd_apicid aperfmperf pni pclmulqdq monitor ssse3 fma cx16 sse4_1 sse4_2 movbe popcnt aes xsave avx f16c rdrand lahf_lm cmp_legacy svm extapic cr8_legacy abm sse4a misalignsse 3dnowprefetch osvw skinit wdt tce topoext perfctr_core perfctr_nb bpext perfctr_llc mwaitx cpb hw_pstate sme ssbd sev ibpb vmmcall fsgsbase bmi1 avx2 smep bmi2 rdseed adx smap clflushopt sha_ni xsaveopt xsavec xgetbv1 xsaves clzero irperf xsaveerptr arat npt lbrv svm_lock nrip_save tsc_scale vmcb_clean flushbyasid decodeassists pausefilter pfthreshold avic v_vmsave_vmload vgif overflow_recov succor smca
bugs		: sysret_ss_attrs null_seg spectre_v1 spectre_v2 spec_store_bypass
bogomips	: 6801.48
TLB size	: 2560 4K pages
clflush size	: 64
cache_alignment	: 64
address sizes	: 43 bits physical, 48 bits virtual
power management: ts ttp tm hwpstate cpb eff_freq_ro [13] [14]

processor	: 4
vendor_id	: AuthenticAMD
cpu family	: 23
model		: 8
model name	: AMD Ryzen 5 2600 Six-Core Processor
stepping	: 2
microcode	: 0x800820d
cpu MHz		: 1519.805
cache size	: 512 KB
physical id	: 0
siblings	: 12
core id		: 5
cpu cores	: 6
apicid		: 10
initial apicid	: 10
fpu		: yes
fpu_exception	: yes
cpuid level	: 13
wp		: yes
flags		: fpu vme de pse tsc msr pae mce cx8 apic sep mtrr pge mca cmov pat pse36 clflush mmx fxsr sse sse2 ht syscall nx mmxext fxsr_opt pdpe1gb rdtscp lm constant_tsc rep_good nopl nonstop_tsc cpuid extd_apicid aperfmperf pni pclmulqdq monitor ssse3 fma cx16 sse4_1 sse4_2 movbe popcnt aes xsave avx f16c rdrand lahf_lm cmp_legacy svm extapic cr8_legacy abm sse4a misalignsse 3dnowprefetch osvw skinit wdt tce topoext perfctr_core perfctr_nb bpext perfctr_llc mwaitx cpb hw_pstate sme ssbd sev ibpb vmmcall fsgsbase bmi1 avx2 smep bmi2 rdseed adx smap clflushopt sha_ni xsaveopt xsavec xgetbv1 xsaves clzero irperf xsaveerptr arat npt lbrv svm_lock nrip_save tsc_scale vmcb_clean flushbyasid decodeassists pausefilter pfthreshold avic v_vmsave_vmload vgif overflow_recov succor smca
bugs		: sysret_ss_attrs null_seg spectre_v1 spectre_v2 spec_store_bypass
bogomips	: 6801.48
TLB size	: 2560 4K pages
clflush size	: 64
cache_alignment	: 64
address sizes	: 43 bits physical, 48 bits virtual
power management: ts ttp tm hwpstate cpb eff_freq_ro [13] [14]

processor	: 5
vendor_id	: AuthenticAMD
cpu family	: 23
model		: 8
model name	: AMD Ryzen 5 2600 Six-Core Processor
stepping	: 2
microcode	: 0x800820d
cpu MHz		: 3798.101
cache size	: 512 KB
physical id	: 0
siblings	: 12
core id		: 6
cpu cores	: 6
apicid		: 12
initial apicid	: 12
fpu		: yes
fpu_exception	: yes
cpuid level	: 13
wp		: yes
flags		: fpu vme de pse tsc msr pae mce cx8 apic sep mtrr pge mca cmov pat pse36 clflush mmx fxsr sse sse2 ht syscall nx mmxext fxsr_opt pdpe1gb rdtscp lm constant_tsc rep_good nopl nonstop_tsc cpuid extd_apicid aperfmperf pni pclmulqdq monitor ssse3 fma cx16 sse4_1 sse4_2 movbe popcnt aes xsave avx f16c rdrand lahf_lm cmp_legacy svm extapic cr8_legacy abm sse4a misalignsse 3dnowprefetch osvw skinit wdt tce topoext perfctr_core perfctr_nb bpext perfctr_llc mwaitx cpb hw_pstate sme ssbd sev ibpb vmmcall fsgsbase bmi1 avx2 smep bmi2 rdseed adx smap clflushopt sha_ni xsaveopt xsavec xgetbv1 xsaves clzero irperf xsaveerptr arat npt lbrv svm_lock nrip_save tsc_scale vmcb_clean flushbyasid decodeassists pausefilter pfthreshold avic v_vmsave_vmload vgif overflow_recov succor smca
bugs		: sysret_ss_attrs null_seg spectre_v1 spectre_v2 spec_store_bypass
bogomips	: 6801.48
TLB size	: 2560 4K pages
clflush size	: 64
cache_alignment	: 64
address sizes	: 43 bits physical, 48 bits virtual
power management: ts ttp tm hwpstate cpb eff_freq_ro [13] [14]

processor	: 6
vendor_id	: AuthenticAMD
cpu family	: 23
model		: 8
model name	: AMD Ryzen 5 2600 Six-Core Processor
stepping	: 2
microcode	: 0x800820d
cpu MHz		: 1519.803
cache size	: 512 KB
physical id	: 0
siblings	: 12
core id		: 0
cpu cores	: 6
apicid		: 1
initial apicid	: 1
fpu		: yes
fpu_exception	: yes
cpuid level	: 13
wp		: yes
flags		: fpu vme de pse tsc msr pae mce cx8 apic sep mtrr pge mca cmov pat pse36 clflush mmx fxsr sse sse2 ht syscall nx mmxext fxsr_opt pdpe1gb rdtscp lm constant_tsc rep_good nopl nonstop_tsc cpuid extd_apicid aperfmperf pni pclmulqdq monitor ssse3 fma cx16 sse4_1 sse4_2 movbe popcnt aes xsave avx f16c rdrand lahf_lm cmp_legacy svm extapic cr8_legacy abm sse4a misalignsse 3dnowprefetch osvw skinit wdt tce topoext perfctr_core perfctr_nb bpext perfctr_llc mwaitx cpb hw_pstate sme ssbd sev ibpb vmmcall fsgsbase bmi1 avx2 smep bmi2 rdseed adx smap clflushopt sha_ni xsaveopt xsavec xgetbv1 xsaves clzero irperf xsaveerptr arat npt lbrv svm_lock nrip_save tsc_scale vmcb_clean flushbyasid decodeassists pausefilter pfthreshold avic v_vmsave_vmload vgif overflow_recov succor smca
bugs		: sysret_ss_attrs null_seg spectre_v1 spectre_v2 spec_store_bypass
bogomips	: 6801.48
TLB size	: 2560 4K pages
clflush size	: 64
cache_alignment	: 64
address sizes	: 43 bits physical, 48 bits virtual
power management: ts ttp tm hwpstate cpb eff_freq_ro [13] [14]

processor	: 7
vendor_id	: AuthenticAMD
cpu family	: 23
model		: 8
model name	: AMD Ryzen 5 2600 Six-Core Processor
stepping	: 2
microcode	: 0x800820d
cpu MHz		: 3799.333
cache size	: 512 KB
physical id	: 0
siblings	: 12
core id		: 1
cpu cores	: 6
apicid		: 3
initial apicid	: 3
fpu		: yes
fpu_exception	: yes
cpuid level	: 13
wp		: yes
flags		: fpu vme de pse tsc msr pae mce cx8 apic sep mtrr pge mca cmov pat pse36 clflush mmx fxsr sse sse2 ht syscall nx mmxext fxsr_opt pdpe1gb rdtscp lm constant_tsc rep_good nopl nonstop_tsc cpuid extd_apicid aperfmperf pni pclmulqdq monitor ssse3 fma cx16 sse4_1 sse4_2 movbe popcnt aes xsave avx f16c rdrand lahf_lm cmp_legacy svm extapic cr8_legacy abm sse4a misalignsse 3dnowprefetch osvw skinit wdt tce topoext perfctr_core perfctr_nb bpext perfctr_llc mwaitx cpb hw_pstate sme ssbd sev ibpb vmmcall fsgsbase bmi1 avx2 smep bmi2 rdseed adx smap clflushopt sha_ni xsaveopt xsavec xgetbv1 xsaves clzero irperf xsaveerptr arat npt lbrv svm_lock nrip_save tsc_scale vmcb_clean flushbyasid decodeassists pausefilter pfthreshold avic v_vmsave_vmload vgif overflow_recov succor smca
bugs		: sysret_ss_attrs null_seg spectre_v1 spectre_v2 spec_store_bypass
bogomips	: 6801.48
TLB size	: 2560 4K pages
clflush size	: 64
cache_alignment	: 64
address sizes	: 43 bits physical, 48 bits virtual
power management: ts ttp tm hwpstate cpb eff_freq_ro [13] [14]

processor	: 8
vendor_id	: AuthenticAMD
cpu family	: 23
model		: 8
model name	: AMD Ryzen 5 2600 Six-Core Processor
stepping	: 2
microcode	: 0x800820d
cpu MHz		: 1531.906
cache size	: 512 KB
physical id	: 0
siblings	: 12
core id		: 2
cpu cores	: 6
apicid		: 5
initial apicid	: 5
fpu		: yes
fpu_exception	: yes
cpuid level	: 13
wp		: yes
flags		: fpu vme de pse tsc msr pae mce cx8 apic sep mtrr pge mca cmov pat pse36 clflush mmx fxsr sse sse2 ht syscall nx mmxext fxsr_opt pdpe1gb rdtscp lm constant_tsc rep_good nopl nonstop_tsc cpuid extd_apicid aperfmperf pni pclmulqdq monitor ssse3 fma cx16 sse4_1 sse4_2 movbe popcnt aes xsave avx f16c rdrand lahf_lm cmp_legacy svm extapic cr8_legacy abm sse4a misalignsse 3dnowprefetch osvw skinit wdt tce topoext perfctr_core perfctr_nb bpext perfctr_llc mwaitx cpb hw_pstate sme ssbd sev ibpb vmmcall fsgsbase bmi1 avx2 smep bmi2 rdseed adx smap clflushopt sha_ni xsaveopt xsavec xgetbv1 xsaves clzero irperf xsaveerptr arat npt lbrv svm_lock nrip_save tsc_scale vmcb_clean flushbyasid decodeassists pausefilter pfthreshold avic v_vmsave_vmload vgif overflow_recov succor smca
bugs		: sysret_ss_attrs null_seg spectre_v1 spectre_v2 spec_store_bypass
bogomips	: 6801.48
TLB size	: 2560 4K pages
clflush size	: 64
cache_alignment	: 64
address sizes	: 43 bits physical, 48 bits virtual
power management: ts ttp tm hwpstate cpb eff_freq_ro [13] [14]

processor	: 9
vendor_id	: AuthenticAMD
cpu family	: 23
model		: 8
model name	: AMD Ryzen 5 2600 Six-Core Processor
stepping	: 2
microcode	: 0x800820d
cpu MHz		: 2130.340
cache size	: 512 KB
physical id	: 0
siblings	: 12
core id		: 4
cpu cores	: 6
apicid		: 9
initial apicid	: 9
fpu		: yes
fpu_exception	: yes
cpuid level	: 13
wp		: yes
flags		: fpu vme de pse tsc msr pae mce cx8 apic sep mtrr pge mca cmov pat pse36 clflush mmx fxsr sse sse2 ht syscall nx mmxext fxsr_opt pdpe1gb rdtscp lm constant_tsc rep_good nopl nonstop_tsc cpuid extd_apicid aperfmperf pni pclmulqdq monitor ssse3 fma cx16 sse4_1 sse4_2 movbe popcnt aes xsave avx f16c rdrand lahf_lm cmp_legacy svm extapic cr8_legacy abm sse4a misalignsse 3dnowprefetch osvw skinit wdt tce topoext perfctr_core perfctr_nb bpext perfctr_llc mwaitx cpb hw_pstate sme ssbd sev ibpb vmmcall fsgsbase bmi1 avx2 smep bmi2 rdseed adx smap clflushopt sha_ni xsaveopt xsavec xgetbv1 xsaves clzero irperf xsaveerptr arat npt lbrv svm_lock nrip_save tsc_scale vmcb_clean flushbyasid decodeassists pausefilter pfthreshold avic v_vmsave_vmload vgif overflow_recov succor smca
bugs		: sysret_ss_attrs null_seg spectre_v1 spectre_v2 spec_store_bypass
bogomips	: 6801.48
TLB size	: 2560 4K pages
clflush size	: 64
cache_alignment	: 64
address sizes	: 43 bits physical, 48 bits virtual
power management: ts ttp tm hwpstate cpb eff_freq_ro [13] [14]

processor	: 10
vendor_id	: AuthenticAMD
cpu family	: 23
model		: 8
model name	: AMD Ryzen 5 2600 Six-Core Processor
stepping	: 2
microcode	: 0x800820d
cpu MHz		: 1519.224
cache size	: 512 KB
physical id	: 0
siblings	: 12
core id		: 5
cpu cores	: 6
apicid		: 11
initial apicid	: 11
fpu		: yes
fpu_exception	: yes
cpuid level	: 13
wp		: yes
flags		: fpu vme de pse tsc msr pae mce cx8 apic sep mtrr pge mca cmov pat pse36 clflush mmx fxsr sse sse2 ht syscall nx mmxext fxsr_opt pdpe1gb rdtscp lm constant_tsc rep_good nopl nonstop_tsc cpuid extd_apicid aperfmperf pni pclmulqdq monitor ssse3 fma cx16 sse4_1 sse4_2 movbe popcnt aes xsave avx f16c rdrand lahf_lm cmp_legacy svm extapic cr8_legacy abm sse4a misalignsse 3dnowprefetch osvw skinit wdt tce topoext perfctr_core perfctr_nb bpext perfctr_llc mwaitx cpb hw_pstate sme ssbd sev ibpb vmmcall fsgsbase bmi1 avx2 smep bmi2 rdseed adx smap clflushopt sha_ni xsaveopt xsavec xgetbv1 xsaves clzero irperf xsaveerptr arat npt lbrv svm_lock nrip_save tsc_scale vmcb_clean flushbyasid decodeassists pausefilter pfthreshold avic v_vmsave_vmload vgif overflow_recov succor smca
bugs		: sysret_ss_attrs null_seg spectre_v1 spectre_v2 spec_store_bypass
bogomips	: 6801.48
TLB size	: 2560 4K pages
clflush size	: 64
cache_alignment	: 64
address sizes	: 43 bits physical, 48 bits virtual
power management: ts ttp tm hwpstate cpb eff_freq_ro [13] [14]

processor	: 11
vendor_id	: AuthenticAMD
cpu family	: 23
model		: 8
model name	: AMD Ryzen 5 2600 Six-Core Processor
stepping	: 2
microcode	: 0x800820d
cpu MHz		: 3799.538
cache size	: 512 KB
physical id	: 0
siblings	: 12
core id		: 6
cpu cores	: 6
apicid		: 13
initial apicid	: 13
fpu		: yes
fpu_exception	: yes
cpuid level	: 13
wp		: yes
flags		: fpu vme de pse tsc msr pae mce cx8 apic sep mtrr pge mca cmov pat pse36 clflush mmx fxsr sse sse2 ht syscall nx mmxext fxsr_opt pdpe1gb rdtscp lm constant_tsc rep_good nopl nonstop_tsc cpuid extd_apicid aperfmperf pni pclmulqdq monitor ssse3 fma cx16 sse4_1 sse4_2 movbe popcnt aes xsave avx f16c rdrand lahf_lm cmp_legacy svm extapic cr8_legacy abm sse4a misalignsse 3dnowprefetch osvw skinit wdt tce topoext perfctr_core perfctr_nb bpext perfctr_llc mwaitx cpb hw_pstate sme ssbd sev ibpb vmmcall fsgsbase bmi1 avx2 smep bmi2 rdseed adx smap clflushopt sha_ni xsaveopt xsavec xgetbv1 xsaves clzero irperf xsaveerptr arat npt lbrv svm_lock nrip_save tsc_scale vmcb_clean flushbyasid decodeassists pausefilter pfthreshold avic v_vmsave_vmload vgif overflow_recov succor smca
bugs		: sysret_ss_attrs null_seg spectre_v1 spectre_v2 spec_store_bypass
bogomips	: 6801.48
TLB size	: 2560 4K pages
clflush size	: 64
cache_alignment	: 64
address sizes	: 43 bits physical, 48 bits virtual
power management: ts ttp tm hwpstate cpb eff_freq_ro [13] [14]



Memory: 4k page, physical 16365144k(215504k free), swap 0k(0k free)

vm_info: OpenJDK 64-Bit Server VM (25.222-b05) for linux-amd64 JRE (1.8.0_222-b05), built on Jun 18 2019 08:19:03 by "builduser" with gcc 8.3.0

time: Mon Jul 15 01:25:52 2019
timezone: JST
elapsed time: 0 seconds (0d 0h 0m 0s)

