#
# There is insufficient memory for the Java Runtime Environment to continue.
# Native memory allocation (mmap) failed to map 5726797824 bytes for committing reserved memory.
# Possible reasons:
#   The system is out of physical RAM or swap space
#   The process is running with CompressedOops enabled, and the Java Heap may be blocking the growth of the native heap
# Possible solutions:
#   Reduce memory load on the system
#   Increase physical memory or swap space
#   Check if swap backing store is full
#   Decrease Java heap size (-Xmx/-Xms)
#   Decrease number of Java threads
#   Decrease Java thread stack sizes (-Xss)
#   Set larger code cache with -XX:ReservedCodeCacheSize=
# This output file may be truncated or incomplete.
#
#  Out of Memory Error (os_linux.cpp:2754), pid=5715, tid=0x00007fd079b81700
#
# JRE version:  (8.0_222-b05) (build )
# Java VM: OpenJDK 64-Bit Server VM (25.222-b05 mixed mode linux-amd64 compressed oops)
# Core dump written. Default location: /home/naniwa/resarch/git/sskit-core-library/doAlignment/core or core.5715
#

---------------  T H R E A D  ---------------

Current thread (0x00007fd07400a800):  JavaThread "Unknown thread" [_thread_in_vm, id=5716, stack(0x00007fd079a82000,0x00007fd079b82000)]

Stack: [0x00007fd079a82000,0x00007fd079b82000],  sp=0x00007fd079b805f0,  free space=1017k
Native frames: (J=compiled Java code, j=interpreted, Vv=VM code, C=native code)
V  [libjvm.so+0xa0865c]
V  [libjvm.so+0x4aa2ee]
V  [libjvm.so+0x87070c]
V  [libjvm.so+0x868140]
V  [libjvm.so+0x8dfd6f]
V  [libjvm.so+0x8d0537]
V  [libjvm.so+0x2b7fbb]
V  [libjvm.so+0x8922e9]
V  [libjvm.so+0x9cf6da]
V  [libjvm.so+0x9cf995]
V  [libjvm.so+0x5e495a]
V  [libjvm.so+0x9b3abe]
V  [libjvm.so+0x64eb12]  JNI_CreateJavaVM+0x52
C  [libjli.so+0x39b1]
C  [libpthread.so.0+0x957f]  start_thread+0xef


---------------  P R O C E S S  ---------------

Java Threads: ( => current thread )

Other Threads:

=>0x00007fd07400a800 (exited) JavaThread "Unknown thread" [_thread_in_vm, id=5716, stack(0x00007fd079a82000,0x00007fd079b82000)]

VM state:not at safepoint (not fully initialized)

VM Mutex/Monitor currently owned by a thread: None

heap address: 0x00000004c0000000, size: 12288 MB, Compressed Oops mode: Non-zero based:0x00000004bffff000, Oop shift amount: 3
Narrow klass base: 0x0000000000000000, Narrow klass shift: 0

GC Heap History (0 events):
No events

Deoptimization events (0 events):
No events

Classes redefined (0 events):
No events

Internal exceptions (0 events):
No events

Events (0 events):
No events


Dynamic libraries:
615580000-6c0000000 ---p 00000000 00:00 0 
6c0000000-76aa80000 rw-p 00000000 00:00 0 
76aa80000-7c0000000 ---p 00000000 00:00 0 
55aab16da000-55aab16db000 r--p 00000000 08:02 3283385                    /usr/lib/jvm/java-8-openjdk/jre/bin/java
55aab16db000-55aab16dc000 r-xp 00001000 08:02 3283385                    /usr/lib/jvm/java-8-openjdk/jre/bin/java
55aab16dc000-55aab16dd000 r--p 00002000 08:02 3283385                    /usr/lib/jvm/java-8-openjdk/jre/bin/java
55aab16dd000-55aab16de000 r--p 00002000 08:02 3283385                    /usr/lib/jvm/java-8-openjdk/jre/bin/java
55aab16de000-55aab16df000 rw-p 00003000 08:02 3283385                    /usr/lib/jvm/java-8-openjdk/jre/bin/java
55aab26ee000-55aab270f000 rw-p 00000000 00:00 0                          [heap]
7fd0637ff000-7fd0647ff000 ---p 00000000 00:00 0 
7fd0647ff000-7fd064d55000 rw-p 00000000 00:00 0 
7fd064d55000-7fd064fff000 ---p 00000000 00:00 0 
7fd064fff000-7fd065000000 rw-p 00000000 00:00 0 
7fd065000000-7fd065270000 rwxp 00000000 00:00 0 
7fd065270000-7fd074000000 ---p 00000000 00:00 0 
7fd074000000-7fd074034000 rw-p 00000000 00:00 0 
7fd074034000-7fd078000000 ---p 00000000 00:00 0 
7fd079653000-7fd07965d000 rw-p 00000000 00:00 0 
7fd07965d000-7fd079a13000 ---p 00000000 00:00 0 
7fd079a13000-7fd079a16000 r--p 00000000 08:02 528780                     /usr/lib/libnss_files-2.29.so
7fd079a16000-7fd079a1d000 r-xp 00003000 08:02 528780                     /usr/lib/libnss_files-2.29.so
7fd079a1d000-7fd079a1f000 r--p 0000a000 08:02 528780                     /usr/lib/libnss_files-2.29.so
7fd079a1f000-7fd079a20000 r--p 0000b000 08:02 528780                     /usr/lib/libnss_files-2.29.so
7fd079a20000-7fd079a21000 rw-p 0000c000 08:02 528780                     /usr/lib/libnss_files-2.29.so
7fd079a21000-7fd079a27000 rw-p 00000000 00:00 0 
7fd079a6b000-7fd079a6e000 r--p 00000000 08:02 3283433                    /usr/lib/jvm/java-8-openjdk/jre/lib/amd64/libzip.so
7fd079a6e000-7fd079a72000 r-xp 00003000 08:02 3283433                    /usr/lib/jvm/java-8-openjdk/jre/lib/amd64/libzip.so
7fd079a72000-7fd079a74000 r--p 00007000 08:02 3283433                    /usr/lib/jvm/java-8-openjdk/jre/lib/amd64/libzip.so
7fd079a74000-7fd079a75000 r--p 00008000 08:02 3283433                    /usr/lib/jvm/java-8-openjdk/jre/lib/amd64/libzip.so
7fd079a75000-7fd079a76000 rw-p 00009000 08:02 3283433                    /usr/lib/jvm/java-8-openjdk/jre/lib/amd64/libzip.so
7fd079a76000-7fd079a79000 r--p 00000000 08:02 528799                     /usr/lib/librt-2.29.so
7fd079a79000-7fd079a7d000 r-xp 00003000 08:02 528799                     /usr/lib/librt-2.29.so
7fd079a7d000-7fd079a7f000 r--p 00007000 08:02 528799                     /usr/lib/librt-2.29.so
7fd079a7f000-7fd079a80000 r--p 00008000 08:02 528799                     /usr/lib/librt-2.29.so
7fd079a80000-7fd079a81000 rw-p 00009000 08:02 528799                     /usr/lib/librt-2.29.so
7fd079a81000-7fd079a82000 ---p 00000000 00:00 0 
7fd079a82000-7fd079a85000 ---p 00000000 00:00 0 
7fd079a85000-7fd079b82000 rw-p 00000000 00:00 0 
7fd079b82000-7fd079b91000 r--p 00000000 08:02 528737                     /usr/lib/libm-2.29.so
7fd079b91000-7fd079c2d000 r-xp 0000f000 08:02 528737                     /usr/lib/libm-2.29.so
7fd079c2d000-7fd079cc6000 r--p 000ab000 08:02 528737                     /usr/lib/libm-2.29.so
7fd079cc6000-7fd079cc7000 r--p 00143000 08:02 528737                     /usr/lib/libm-2.29.so
7fd079cc7000-7fd079cc8000 rw-p 00144000 08:02 528737                     /usr/lib/libm-2.29.so
7fd079cc8000-7fd079eb9000 r--p 00000000 08:02 3283436                    /usr/lib/jvm/java-8-openjdk/jre/lib/amd64/server/libjvm.so
7fd079eb9000-7fd07a701000 r-xp 001f1000 08:02 3283436                    /usr/lib/jvm/java-8-openjdk/jre/lib/amd64/server/libjvm.so
7fd07a701000-7fd07a8a3000 r--p 00a39000 08:02 3283436                    /usr/lib/jvm/java-8-openjdk/jre/lib/amd64/server/libjvm.so
7fd07a8a3000-7fd07a938000 r--p 00bda000 08:02 3283436                    /usr/lib/jvm/java-8-openjdk/jre/lib/amd64/server/libjvm.so
7fd07a938000-7fd07a960000 rw-p 00c6f000 08:02 3283436                    /usr/lib/jvm/java-8-openjdk/jre/lib/amd64/server/libjvm.so
7fd07a960000-7fd07a992000 rw-p 00000000 00:00 0 
7fd07a992000-7fd07a999000 r--p 00000000 08:02 528790                     /usr/lib/libpthread-2.29.so
7fd07a999000-7fd07a9a8000 r-xp 00007000 08:02 528790                     /usr/lib/libpthread-2.29.so
7fd07a9a8000-7fd07a9ad000 r--p 00016000 08:02 528790                     /usr/lib/libpthread-2.29.so
7fd07a9ad000-7fd07a9ae000 r--p 0001a000 08:02 528790                     /usr/lib/libpthread-2.29.so
7fd07a9ae000-7fd07a9af000 rw-p 0001b000 08:02 528790                     /usr/lib/libpthread-2.29.so
7fd07a9af000-7fd07a9b3000 rw-p 00000000 00:00 0 
7fd07a9b3000-7fd07a9b4000 r--p 00000000 08:02 528728                     /usr/lib/libdl-2.29.so
7fd07a9b4000-7fd07a9b5000 r-xp 00001000 08:02 528728                     /usr/lib/libdl-2.29.so
7fd07a9b5000-7fd07a9b6000 r--p 00002000 08:02 528728                     /usr/lib/libdl-2.29.so
7fd07a9b6000-7fd07a9b7000 r--p 00002000 08:02 528728                     /usr/lib/libdl-2.29.so
7fd07a9b7000-7fd07a9b8000 rw-p 00003000 08:02 528728                     /usr/lib/libdl-2.29.so
7fd07a9b8000-7fd07a9ce000 r-xp 00000000 08:02 554463                     /usr/lib/libz.so.1.2.11
7fd07a9ce000-7fd07abcd000 ---p 00016000 08:02 554463                     /usr/lib/libz.so.1.2.11
7fd07abcd000-7fd07abce000 r--p 00015000 08:02 554463                     /usr/lib/libz.so.1.2.11
7fd07abce000-7fd07abcf000 rw-p 00016000 08:02 554463                     /usr/lib/libz.so.1.2.11
7fd07abcf000-7fd07abf4000 r--p 00000000 08:02 528714                     /usr/lib/libc-2.29.so
7fd07abf4000-7fd07ad3e000 r-xp 00025000 08:02 528714                     /usr/lib/libc-2.29.so
7fd07ad3e000-7fd07ad87000 r--p 0016f000 08:02 528714                     /usr/lib/libc-2.29.so
7fd07ad87000-7fd07ad88000 ---p 001b8000 08:02 528714                     /usr/lib/libc-2.29.so
7fd07ad88000-7fd07ad8b000 r--p 001b8000 08:02 528714                     /usr/lib/libc-2.29.so
7fd07ad8b000-7fd07ad8e000 rw-p 001bb000 08:02 528714                     /usr/lib/libc-2.29.so
7fd07ad8e000-7fd07ad92000 rw-p 00000000 00:00 0 
7fd07ad9a000-7fd07ada2000 rw-s 00000000 00:2b 8201874                    /tmp/hsperfdata_naniwa/5715
7fd07ada2000-7fd07ada3000 rw-p 00000000 00:00 0 
7fd07ada3000-7fd07adb0000 r--p 00000000 08:02 3283415                    /usr/lib/jvm/java-8-openjdk/jre/lib/amd64/libjava.so
7fd07adb0000-7fd07adc6000 r-xp 0000d000 08:02 3283415                    /usr/lib/jvm/java-8-openjdk/jre/lib/amd64/libjava.so
7fd07adc6000-7fd07adcd000 r--p 00023000 08:02 3283415                    /usr/lib/jvm/java-8-openjdk/jre/lib/amd64/libjava.so
7fd07adcd000-7fd07adce000 r--p 00029000 08:02 3283415                    /usr/lib/jvm/java-8-openjdk/jre/lib/amd64/libjava.so
7fd07adce000-7fd07adcf000 rw-p 0002a000 08:02 3283415                    /usr/lib/jvm/java-8-openjdk/jre/lib/amd64/libjava.so
7fd07adcf000-7fd07add0000 rw-p 00000000 00:00 0 
7fd07add0000-7fd07add5000 r--p 00000000 08:02 3283432                    /usr/lib/jvm/java-8-openjdk/jre/lib/amd64/libverify.so
7fd07add5000-7fd07addc000 r-xp 00005000 08:02 3283432                    /usr/lib/jvm/java-8-openjdk/jre/lib/amd64/libverify.so
7fd07addc000-7fd07adde000 r--p 0000c000 08:02 3283432                    /usr/lib/jvm/java-8-openjdk/jre/lib/amd64/libverify.so
7fd07adde000-7fd07ade0000 r--p 0000d000 08:02 3283432                    /usr/lib/jvm/java-8-openjdk/jre/lib/amd64/libverify.so
7fd07ade0000-7fd07ade1000 rw-p 0000f000 08:02 3283432                    /usr/lib/jvm/java-8-openjdk/jre/lib/amd64/libverify.so
7fd07ade1000-7fd07ade4000 r--p 00000000 08:02 3283398                    /usr/lib/jvm/java-8-openjdk/jre/lib/amd64/jli/libjli.so
7fd07ade4000-7fd07aded000 r-xp 00003000 08:02 3283398                    /usr/lib/jvm/java-8-openjdk/jre/lib/amd64/jli/libjli.so
7fd07aded000-7fd07adf0000 r--p 0000c000 08:02 3283398                    /usr/lib/jvm/java-8-openjdk/jre/lib/amd64/jli/libjli.so
7fd07adf0000-7fd07adf1000 r--p 0000e000 08:02 3283398                    /usr/lib/jvm/java-8-openjdk/jre/lib/amd64/jli/libjli.so
7fd07adf1000-7fd07adf2000 rw-p 0000f000 08:02 3283398                    /usr/lib/jvm/java-8-openjdk/jre/lib/amd64/jli/libjli.so
7fd07adf2000-7fd07adf4000 rw-p 00000000 00:00 0 
7fd07adf4000-7fd07adf6000 r--p 00000000 08:02 528693                     /usr/lib/ld-2.29.so
7fd07adf6000-7fd07ae15000 r-xp 00002000 08:02 528693                     /usr/lib/ld-2.29.so
7fd07ae15000-7fd07ae1d000 r--p 00021000 08:02 528693                     /usr/lib/ld-2.29.so
7fd07ae1d000-7fd07ae1e000 r--p 00000000 00:00 0 
7fd07ae1e000-7fd07ae1f000 r--p 00029000 08:02 528693                     /usr/lib/ld-2.29.so
7fd07ae1f000-7fd07ae20000 rw-p 0002a000 08:02 528693                     /usr/lib/ld-2.29.so
7fd07ae20000-7fd07ae21000 rw-p 00000000 00:00 0 
7ffc627a8000-7ffc627c9000 rw-p 00000000 00:00 0                          [stack]
7ffc627ca000-7ffc627cd000 r--p 00000000 00:00 0                          [vvar]
7ffc627cd000-7ffc627ce000 r-xp 00000000 00:00 0                          [vdso]

VM Arguments:
jvm_args: -Xms8G -Xmx12G 
java_command: build/libs/doAlignment.jar
java_class_path (initial): build/libs/doAlignment.jar
Launcher Type: SUN_STANDARD

Environment Variables:
PATH=/home/naniwa/bin:/usr/local/bin:/usr/bin:/bin:/usr/local/sbin:/usr/lib/jvm/default/bin:/usr/bin/site_perl:/usr/bin/vendor_perl:/usr/bin/core_perl
SHELL=/usr/bin/zsh
DISPLAY=:0

Signal Handlers:
SIGSEGV: [libjvm.so+0xa09100], sa_mask[0]=11111111011111111101111111111110, sa_flags=SA_RESTART|SA_SIGINFO
SIGBUS: [libjvm.so+0xa09100], sa_mask[0]=11111111011111111101111111111110, sa_flags=SA_RESTART|SA_SIGINFO
SIGFPE: [libjvm.so+0x86be80], sa_mask[0]=11111111011111111101111111111110, sa_flags=SA_RESTART|SA_SIGINFO
SIGPIPE: [libjvm.so+0x86be80], sa_mask[0]=11111111011111111101111111111110, sa_flags=SA_RESTART|SA_SIGINFO
SIGXFSZ: [libjvm.so+0x86be80], sa_mask[0]=11111111011111111101111111111110, sa_flags=SA_RESTART|SA_SIGINFO
SIGILL: [libjvm.so+0x86be80], sa_mask[0]=11111111011111111101111111111110, sa_flags=SA_RESTART|SA_SIGINFO
SIGUSR1: SIG_DFL, sa_mask[0]=00000000000000000000000000000000, sa_flags=none
SIGUSR2: [libjvm.so+0x86bd40], sa_mask[0]=00000000000000000000000000000000, sa_flags=SA_RESTART|SA_SIGINFO
SIGHUP: SIG_DFL, sa_mask[0]=00000000000000000000000000000000, sa_flags=none
SIGINT: SIG_DFL, sa_mask[0]=00000000000000000000000000000000, sa_flags=none
SIGTERM: SIG_DFL, sa_mask[0]=00000000000000000000000000000000, sa_flags=none
SIGQUIT: SIG_DFL, sa_mask[0]=00000000000000000000000000000000, sa_flags=none


---------------  S Y S T E M  ---------------

OS:LSB_VERSION=1.4
DISTRIB_ID=Arch
DISTRIB_RELEASE=rolling
DISTRIB_DESCRIPTION="Arch Linux"

uname:Linux 5.1.15-zen1-1-zen #1 ZEN SMP PREEMPT Tue Jun 25 04:49:28 UTC 2019 x86_64
libc:glibc 2.29 NPTL 2.29 
rlimit: STACK 8192k, CORE infinity, NPROC 63867, NOFILE 524288, AS infinity
load average:10.29 11.54 11.93

/proc/meminfo:
MemTotal:       16365144 kB
MemFree:         2490108 kB
MemAvailable:    4395032 kB
Buffers:           13108 kB
Cached:          2485996 kB
SwapCached:            0 kB
Active:         10939740 kB
Inactive:        2438024 kB
Active(anon):   10880472 kB
Inactive(anon):   369120 kB
Active(file):      59268 kB
Inactive(file):  2068904 kB
Unevictable:          80 kB
Mlocked:              80 kB
SwapTotal:             0 kB
SwapFree:              0 kB
Dirty:              2244 kB
Writeback:             0 kB
AnonPages:      10879836 kB
Mapped:           534468 kB
Shmem:            370964 kB
KReclaimable:      58700 kB
Slab:             180092 kB
SReclaimable:      58700 kB
SUnreclaim:       121392 kB
KernelStack:       16104 kB
PageTables:        63596 kB
NFS_Unstable:          0 kB
Bounce:                0 kB
WritebackTmp:          0 kB
CommitLimit:     8182572 kB
Committed_AS:   23117704 kB
VmallocTotal:   34359738367 kB
VmallocUsed:           0 kB
VmallocChunk:          0 kB
Percpu:            12544 kB
HardwareCorrupted:     0 kB
AnonHugePages:   4814848 kB
ShmemHugePages:        0 kB
ShmemPmdMapped:        0 kB
HugePages_Total:       0
HugePages_Free:        0
HugePages_Rsvd:        0
HugePages_Surp:        0
Hugepagesize:       2048 kB
Hugetlb:               0 kB
DirectMap4k:      518916 kB
DirectMap2M:    13060096 kB
DirectMap1G:     3145728 kB

container (cgroup) information:
container_type: cgroupv1
cpu_cpuset_cpus: 0-11
cpu_memory_nodes: 0
active_processor_count: 12
cpu_quota: -1
cpu_period: 100000
cpu_shares: -1
memory_limit_in_bytes: -1
memory_and_swap_limit_in_bytes: -1
memory_soft_limit_in_bytes: -1
memory_usage_in_bytes: 13692674048
memory_max_usage_in_bytes: 16143024128


CPU:total 12 (initial active 12) (12 cores per cpu, 1 threads per core) family 23 model 8 stepping 2, cmov, cx8, fxsr, mmx, sse, sse2, sse3, ssse3, sse4.1, sse4.2, popcnt, avx, avx2, aes, clmul, mmxext, 3dnowpref, lzcnt, sse4a, tsc, tscinvbit, tscinv, bmi1

/proc/cpuinfo:
processor	: 0
vendor_id	: AuthenticAMD
cpu family	: 23
model		: 8
model name	: AMD Ryzen 5 2600 Six-Core Processor
stepping	: 2
microcode	: 0x800820d
cpu MHz		: 3797.589
cache size	: 512 KB
physical id	: 0
siblings	: 12
core id		: 0
cpu cores	: 6
apicid		: 0
initial apicid	: 0
fpu		: yes
fpu_exception	: yes
cpuid level	: 13
wp		: yes
flags		: fpu vme de pse tsc msr pae mce cx8 apic sep mtrr pge mca cmov pat pse36 clflush mmx fxsr sse sse2 ht syscall nx mmxext fxsr_opt pdpe1gb rdtscp lm constant_tsc rep_good nopl nonstop_tsc cpuid extd_apicid aperfmperf pni pclmulqdq monitor ssse3 fma cx16 sse4_1 sse4_2 movbe popcnt aes xsave avx f16c rdrand lahf_lm cmp_legacy svm extapic cr8_legacy abm sse4a misalignsse 3dnowprefetch osvw skinit wdt tce topoext perfctr_core perfctr_nb bpext perfctr_llc mwaitx cpb hw_pstate sme ssbd sev ibpb vmmcall fsgsbase bmi1 avx2 smep bmi2 rdseed adx smap clflushopt sha_ni xsaveopt xsavec xgetbv1 xsaves clzero irperf xsaveerptr arat npt lbrv svm_lock nrip_save tsc_scale vmcb_clean flushbyasid decodeassists pausefilter pfthreshold avic v_vmsave_vmload vgif overflow_recov succor smca
bugs		: sysret_ss_attrs null_seg spectre_v1 spectre_v2 spec_store_bypass
bogomips	: 6801.48
TLB size	: 2560 4K pages
clflush size	: 64
cache_alignment	: 64
address sizes	: 43 bits physical, 48 bits virtual
power management: ts ttp tm hwpstate cpb eff_freq_ro [13] [14]

processor	: 1
vendor_id	: AuthenticAMD
cpu family	: 23
model		: 8
model name	: AMD Ryzen 5 2600 Six-Core Processor
stepping	: 2
microcode	: 0x800820d
cpu MHz		: 3781.968
cache size	: 512 KB
physical id	: 0
siblings	: 12
core id		: 1
cpu cores	: 6
apicid		: 2
initial apicid	: 2
fpu		: yes
fpu_exception	: yes
cpuid level	: 13
wp		: yes
flags		: fpu vme de pse tsc msr pae mce cx8 apic sep mtrr pge mca cmov pat pse36 clflush mmx fxsr sse sse2 ht syscall nx mmxext fxsr_opt pdpe1gb rdtscp lm constant_tsc rep_good nopl nonstop_tsc cpuid extd_apicid aperfmperf pni pclmulqdq monitor ssse3 fma cx16 sse4_1 sse4_2 movbe popcnt aes xsave avx f16c rdrand lahf_lm cmp_legacy svm extapic cr8_legacy abm sse4a misalignsse 3dnowprefetch osvw skinit wdt tce topoext perfctr_core perfctr_nb bpext perfctr_llc mwaitx cpb hw_pstate sme ssbd sev ibpb vmmcall fsgsbase bmi1 avx2 smep bmi2 rdseed adx smap clflushopt sha_ni xsaveopt xsavec xgetbv1 xsaves clzero irperf xsaveerptr arat npt lbrv svm_lock nrip_save tsc_scale vmcb_clean flushbyasid decodeassists pausefilter pfthreshold avic v_vmsave_vmload vgif overflow_recov succor smca
bugs		: sysret_ss_attrs null_seg spectre_v1 spectre_v2 spec_store_bypass
bogomips	: 6801.48
TLB size	: 2560 4K pages
clflush size	: 64
cache_alignment	: 64
address sizes	: 43 bits physical, 48 bits virtual
power management: ts ttp tm hwpstate cpb eff_freq_ro [13] [14]

processor	: 2
vendor_id	: AuthenticAMD
cpu family	: 23
model		: 8
model name	: AMD Ryzen 5 2600 Six-Core Processor
stepping	: 2
microcode	: 0x800820d
cpu MHz		: 2532.721
cache size	: 512 KB
physical id	: 0
siblings	: 12
core id		: 2
cpu cores	: 6
apicid		: 4
initial apicid	: 4
fpu		: yes
fpu_exception	: yes
cpuid level	: 13
wp		: yes
flags		: fpu vme de pse tsc msr pae mce cx8 apic sep mtrr pge mca cmov pat pse36 clflush mmx fxsr sse sse2 ht syscall nx mmxext fxsr_opt pdpe1gb rdtscp lm constant_tsc rep_good nopl nonstop_tsc cpuid extd_apicid aperfmperf pni pclmulqdq monitor ssse3 fma cx16 sse4_1 sse4_2 movbe popcnt aes xsave avx f16c rdrand lahf_lm cmp_legacy svm extapic cr8_legacy abm sse4a misalignsse 3dnowprefetch osvw skinit wdt tce topoext perfctr_core perfctr_nb bpext perfctr_llc mwaitx cpb hw_pstate sme ssbd sev ibpb vmmcall fsgsbase bmi1 avx2 smep bmi2 rdseed adx smap clflushopt sha_ni xsaveopt xsavec xgetbv1 xsaves clzero irperf xsaveerptr arat npt lbrv svm_lock nrip_save tsc_scale vmcb_clean flushbyasid decodeassists pausefilter pfthreshold avic v_vmsave_vmload vgif overflow_recov succor smca
bugs		: sysret_ss_attrs null_seg spectre_v1 spectre_v2 spec_store_bypass
bogomips	: 6801.48
TLB size	: 2560 4K pages
clflush size	: 64
cache_alignment	: 64
address sizes	: 43 bits physical, 48 bits virtual
power management: ts ttp tm hwpstate cpb eff_freq_ro [13] [14]

processor	: 3
vendor_id	: AuthenticAMD
cpu family	: 23
model		: 8
model name	: AMD Ryzen 5 2600 Six-Core Processor
stepping	: 2
microcode	: 0x800820d
cpu MHz		: 3794.567
cache size	: 512 KB
physical id	: 0
siblings	: 12
core id		: 4
cpu cores	: 6
apicid		: 8
initial apicid	: 8
fpu		: yes
fpu_exception	: yes
cpuid level	: 13
wp		: yes
flags		: fpu vme de pse tsc msr pae mce cx8 apic sep mtrr pge mca cmov pat pse36 clflush mmx fxsr sse sse2 ht syscall nx mmxext fxsr_opt pdpe1gb rdtscp lm constant_tsc rep_good nopl nonstop_tsc cpuid extd_apicid aperfmperf pni pclmulqdq monitor ssse3 fma cx16 sse4_1 sse4_2 movbe popcnt aes xsave avx f16c rdrand lahf_lm cmp_legacy svm extapic cr8_legacy abm sse4a misalignsse 3dnowprefetch osvw skinit wdt tce topoext perfctr_core perfctr_nb bpext perfctr_llc mwaitx cpb hw_pstate sme ssbd sev ibpb vmmcall fsgsbase bmi1 avx2 smep bmi2 rdseed adx smap clflushopt sha_ni xsaveopt xsavec xgetbv1 xsaves clzero irperf xsaveerptr arat npt lbrv svm_lock nrip_save tsc_scale vmcb_clean flushbyasid decodeassists pausefilter pfthreshold avic v_vmsave_vmload vgif overflow_recov succor smca
bugs		: sysret_ss_attrs null_seg spectre_v1 spectre_v2 spec_store_bypass
bogomips	: 6801.48
TLB size	: 2560 4K pages
clflush size	: 64
cache_alignment	: 64
address sizes	: 43 bits physical, 48 bits virtual
power management: ts ttp tm hwpstate cpb eff_freq_ro [13] [14]

processor	: 4
vendor_id	: AuthenticAMD
cpu family	: 23
model		: 8
model name	: AMD Ryzen 5 2600 Six-Core Processor
stepping	: 2
microcode	: 0x800820d
cpu MHz		: 3797.225
cache size	: 512 KB
physical id	: 0
siblings	: 12
core id		: 5
cpu cores	: 6
apicid		: 10
initial apicid	: 10
fpu		: yes
fpu_exception	: yes
cpuid level	: 13
wp		: yes
flags		: fpu vme de pse tsc msr pae mce cx8 apic sep mtrr pge mca cmov pat pse36 clflush mmx fxsr sse sse2 ht syscall nx mmxext fxsr_opt pdpe1gb rdtscp lm constant_tsc rep_good nopl nonstop_tsc cpuid extd_apicid aperfmperf pni pclmulqdq monitor ssse3 fma cx16 sse4_1 sse4_2 movbe popcnt aes xsave avx f16c rdrand lahf_lm cmp_legacy svm extapic cr8_legacy abm sse4a misalignsse 3dnowprefetch osvw skinit wdt tce topoext perfctr_core perfctr_nb bpext perfctr_llc mwaitx cpb hw_pstate sme ssbd sev ibpb vmmcall fsgsbase bmi1 avx2 smep bmi2 rdseed adx smap clflushopt sha_ni xsaveopt xsavec xgetbv1 xsaves clzero irperf xsaveerptr arat npt lbrv svm_lock nrip_save tsc_scale vmcb_clean flushbyasid decodeassists pausefilter pfthreshold avic v_vmsave_vmload vgif overflow_recov succor smca
bugs		: sysret_ss_attrs null_seg spectre_v1 spectre_v2 spec_store_bypass
bogomips	: 6801.48
TLB size	: 2560 4K pages
clflush size	: 64
cache_alignment	: 64
address sizes	: 43 bits physical, 48 bits virtual
power management: ts ttp tm hwpstate cpb eff_freq_ro [13] [14]

processor	: 5
vendor_id	: AuthenticAMD
cpu family	: 23
model		: 8
model name	: AMD Ryzen 5 2600 Six-Core Processor
stepping	: 2
microcode	: 0x800820d
cpu MHz		: 1612.346
cache size	: 512 KB
physical id	: 0
siblings	: 12
core id		: 6
cpu cores	: 6
apicid		: 12
initial apicid	: 12
fpu		: yes
fpu_exception	: yes
cpuid level	: 13
wp		: yes
flags		: fpu vme de pse tsc msr pae mce cx8 apic sep mtrr pge mca cmov pat pse36 clflush mmx fxsr sse sse2 ht syscall nx mmxext fxsr_opt pdpe1gb rdtscp lm constant_tsc rep_good nopl nonstop_tsc cpuid extd_apicid aperfmperf pni pclmulqdq monitor ssse3 fma cx16 sse4_1 sse4_2 movbe popcnt aes xsave avx f16c rdrand lahf_lm cmp_legacy svm extapic cr8_legacy abm sse4a misalignsse 3dnowprefetch osvw skinit wdt tce topoext perfctr_core perfctr_nb bpext perfctr_llc mwaitx cpb hw_pstate sme ssbd sev ibpb vmmcall fsgsbase bmi1 avx2 smep bmi2 rdseed adx smap clflushopt sha_ni xsaveopt xsavec xgetbv1 xsaves clzero irperf xsaveerptr arat npt lbrv svm_lock nrip_save tsc_scale vmcb_clean flushbyasid decodeassists pausefilter pfthreshold avic v_vmsave_vmload vgif overflow_recov succor smca
bugs		: sysret_ss_attrs null_seg spectre_v1 spectre_v2 spec_store_bypass
bogomips	: 6801.48
TLB size	: 2560 4K pages
clflush size	: 64
cache_alignment	: 64
address sizes	: 43 bits physical, 48 bits virtual
power management: ts ttp tm hwpstate cpb eff_freq_ro [13] [14]

processor	: 6
vendor_id	: AuthenticAMD
cpu family	: 23
model		: 8
model name	: AMD Ryzen 5 2600 Six-Core Processor
stepping	: 2
microcode	: 0x800820d
cpu MHz		: 3799.471
cache size	: 512 KB
physical id	: 0
siblings	: 12
core id		: 0
cpu cores	: 6
apicid		: 1
initial apicid	: 1
fpu		: yes
fpu_exception	: yes
cpuid level	: 13
wp		: yes
flags		: fpu vme de pse tsc msr pae mce cx8 apic sep mtrr pge mca cmov pat pse36 clflush mmx fxsr sse sse2 ht syscall nx mmxext fxsr_opt pdpe1gb rdtscp lm constant_tsc rep_good nopl nonstop_tsc cpuid extd_apicid aperfmperf pni pclmulqdq monitor ssse3 fma cx16 sse4_1 sse4_2 movbe popcnt aes xsave avx f16c rdrand lahf_lm cmp_legacy svm extapic cr8_legacy abm sse4a misalignsse 3dnowprefetch osvw skinit wdt tce topoext perfctr_core perfctr_nb bpext perfctr_llc mwaitx cpb hw_pstate sme ssbd sev ibpb vmmcall fsgsbase bmi1 avx2 smep bmi2 rdseed adx smap clflushopt sha_ni xsaveopt xsavec xgetbv1 xsaves clzero irperf xsaveerptr arat npt lbrv svm_lock nrip_save tsc_scale vmcb_clean flushbyasid decodeassists pausefilter pfthreshold avic v_vmsave_vmload vgif overflow_recov succor smca
bugs		: sysret_ss_attrs null_seg spectre_v1 spectre_v2 spec_store_bypass
bogomips	: 6801.48
TLB size	: 2560 4K pages
clflush size	: 64
cache_alignment	: 64
address sizes	: 43 bits physical, 48 bits virtual
power management: ts ttp tm hwpstate cpb eff_freq_ro [13] [14]

processor	: 7
vendor_id	: AuthenticAMD
cpu family	: 23
model		: 8
model name	: AMD Ryzen 5 2600 Six-Core Processor
stepping	: 2
microcode	: 0x800820d
cpu MHz		: 3752.621
cache size	: 512 KB
physical id	: 0
siblings	: 12
core id		: 1
cpu cores	: 6
apicid		: 3
initial apicid	: 3
fpu		: yes
fpu_exception	: yes
cpuid level	: 13
wp		: yes
flags		: fpu vme de pse tsc msr pae mce cx8 apic sep mtrr pge mca cmov pat pse36 clflush mmx fxsr sse sse2 ht syscall nx mmxext fxsr_opt pdpe1gb rdtscp lm constant_tsc rep_good nopl nonstop_tsc cpuid extd_apicid aperfmperf pni pclmulqdq monitor ssse3 fma cx16 sse4_1 sse4_2 movbe popcnt aes xsave avx f16c rdrand lahf_lm cmp_legacy svm extapic cr8_legacy abm sse4a misalignsse 3dnowprefetch osvw skinit wdt tce topoext perfctr_core perfctr_nb bpext perfctr_llc mwaitx cpb hw_pstate sme ssbd sev ibpb vmmcall fsgsbase bmi1 avx2 smep bmi2 rdseed adx smap clflushopt sha_ni xsaveopt xsavec xgetbv1 xsaves clzero irperf xsaveerptr arat npt lbrv svm_lock nrip_save tsc_scale vmcb_clean flushbyasid decodeassists pausefilter pfthreshold avic v_vmsave_vmload vgif overflow_recov succor smca
bugs		: sysret_ss_attrs null_seg spectre_v1 spectre_v2 spec_store_bypass
bogomips	: 6801.48
TLB size	: 2560 4K pages
clflush size	: 64
cache_alignment	: 64
address sizes	: 43 bits physical, 48 bits virtual
power management: ts ttp tm hwpstate cpb eff_freq_ro [13] [14]

processor	: 8
vendor_id	: AuthenticAMD
cpu family	: 23
model		: 8
model name	: AMD Ryzen 5 2600 Six-Core Processor
stepping	: 2
microcode	: 0x800820d
cpu MHz		: 2532.180
cache size	: 512 KB
physical id	: 0
siblings	: 12
core id		: 2
cpu cores	: 6
apicid		: 5
initial apicid	: 5
fpu		: yes
fpu_exception	: yes
cpuid level	: 13
wp		: yes
flags		: fpu vme de pse tsc msr pae mce cx8 apic sep mtrr pge mca cmov pat pse36 clflush mmx fxsr sse sse2 ht syscall nx mmxext fxsr_opt pdpe1gb rdtscp lm constant_tsc rep_good nopl nonstop_tsc cpuid extd_apicid aperfmperf pni pclmulqdq monitor ssse3 fma cx16 sse4_1 sse4_2 movbe popcnt aes xsave avx f16c rdrand lahf_lm cmp_legacy svm extapic cr8_legacy abm sse4a misalignsse 3dnowprefetch osvw skinit wdt tce topoext perfctr_core perfctr_nb bpext perfctr_llc mwaitx cpb hw_pstate sme ssbd sev ibpb vmmcall fsgsbase bmi1 avx2 smep bmi2 rdseed adx smap clflushopt sha_ni xsaveopt xsavec xgetbv1 xsaves clzero irperf xsaveerptr arat npt lbrv svm_lock nrip_save tsc_scale vmcb_clean flushbyasid decodeassists pausefilter pfthreshold avic v_vmsave_vmload vgif overflow_recov succor smca
bugs		: sysret_ss_attrs null_seg spectre_v1 spectre_v2 spec_store_bypass
bogomips	: 6801.48
TLB size	: 2560 4K pages
clflush size	: 64
cache_alignment	: 64
address sizes	: 43 bits physical, 48 bits virtual
power management: ts ttp tm hwpstate cpb eff_freq_ro [13] [14]

processor	: 9
vendor_id	: AuthenticAMD
cpu family	: 23
model		: 8
model name	: AMD Ryzen 5 2600 Six-Core Processor
stepping	: 2
microcode	: 0x800820d
cpu MHz		: 3798.631
cache size	: 512 KB
physical id	: 0
siblings	: 12
core id		: 4
cpu cores	: 6
apicid		: 9
initial apicid	: 9
fpu		: yes
fpu_exception	: yes
cpuid level	: 13
wp		: yes
flags		: fpu vme de pse tsc msr pae mce cx8 apic sep mtrr pge mca cmov pat pse36 clflush mmx fxsr sse sse2 ht syscall nx mmxext fxsr_opt pdpe1gb rdtscp lm constant_tsc rep_good nopl nonstop_tsc cpuid extd_apicid aperfmperf pni pclmulqdq monitor ssse3 fma cx16 sse4_1 sse4_2 movbe popcnt aes xsave avx f16c rdrand lahf_lm cmp_legacy svm extapic cr8_legacy abm sse4a misalignsse 3dnowprefetch osvw skinit wdt tce topoext perfctr_core perfctr_nb bpext perfctr_llc mwaitx cpb hw_pstate sme ssbd sev ibpb vmmcall fsgsbase bmi1 avx2 smep bmi2 rdseed adx smap clflushopt sha_ni xsaveopt xsavec xgetbv1 xsaves clzero irperf xsaveerptr arat npt lbrv svm_lock nrip_save tsc_scale vmcb_clean flushbyasid decodeassists pausefilter pfthreshold avic v_vmsave_vmload vgif overflow_recov succor smca
bugs		: sysret_ss_attrs null_seg spectre_v1 spectre_v2 spec_store_bypass
bogomips	: 6801.48
TLB size	: 2560 4K pages
clflush size	: 64
cache_alignment	: 64
address sizes	: 43 bits physical, 48 bits virtual
power management: ts ttp tm hwpstate cpb eff_freq_ro [13] [14]

processor	: 10
vendor_id	: AuthenticAMD
cpu family	: 23
model		: 8
model name	: AMD Ryzen 5 2600 Six-Core Processor
stepping	: 2
microcode	: 0x800820d
cpu MHz		: 3799.178
cache size	: 512 KB
physical id	: 0
siblings	: 12
core id		: 5
cpu cores	: 6
apicid		: 11
initial apicid	: 11
fpu		: yes
fpu_exception	: yes
cpuid level	: 13
wp		: yes
flags		: fpu vme de pse tsc msr pae mce cx8 apic sep mtrr pge mca cmov pat pse36 clflush mmx fxsr sse sse2 ht syscall nx mmxext fxsr_opt pdpe1gb rdtscp lm constant_tsc rep_good nopl nonstop_tsc cpuid extd_apicid aperfmperf pni pclmulqdq monitor ssse3 fma cx16 sse4_1 sse4_2 movbe popcnt aes xsave avx f16c rdrand lahf_lm cmp_legacy svm extapic cr8_legacy abm sse4a misalignsse 3dnowprefetch osvw skinit wdt tce topoext perfctr_core perfctr_nb bpext perfctr_llc mwaitx cpb hw_pstate sme ssbd sev ibpb vmmcall fsgsbase bmi1 avx2 smep bmi2 rdseed adx smap clflushopt sha_ni xsaveopt xsavec xgetbv1 xsaves clzero irperf xsaveerptr arat npt lbrv svm_lock nrip_save tsc_scale vmcb_clean flushbyasid decodeassists pausefilter pfthreshold avic v_vmsave_vmload vgif overflow_recov succor smca
bugs		: sysret_ss_attrs null_seg spectre_v1 spectre_v2 spec_store_bypass
bogomips	: 6801.48
TLB size	: 2560 4K pages
clflush size	: 64
cache_alignment	: 64
address sizes	: 43 bits physical, 48 bits virtual
power management: ts ttp tm hwpstate cpb eff_freq_ro [13] [14]

processor	: 11
vendor_id	: AuthenticAMD
cpu family	: 23
model		: 8
model name	: AMD Ryzen 5 2600 Six-Core Processor
stepping	: 2
microcode	: 0x800820d
cpu MHz		: 2148.931
cache size	: 512 KB
physical id	: 0
siblings	: 12
core id		: 6
cpu cores	: 6
apicid		: 13
initial apicid	: 13
fpu		: yes
fpu_exception	: yes
cpuid level	: 13
wp		: yes
flags		: fpu vme de pse tsc msr pae mce cx8 apic sep mtrr pge mca cmov pat pse36 clflush mmx fxsr sse sse2 ht syscall nx mmxext fxsr_opt pdpe1gb rdtscp lm constant_tsc rep_good nopl nonstop_tsc cpuid extd_apicid aperfmperf pni pclmulqdq monitor ssse3 fma cx16 sse4_1 sse4_2 movbe popcnt aes xsave avx f16c rdrand lahf_lm cmp_legacy svm extapic cr8_legacy abm sse4a misalignsse 3dnowprefetch osvw skinit wdt tce topoext perfctr_core perfctr_nb bpext perfctr_llc mwaitx cpb hw_pstate sme ssbd sev ibpb vmmcall fsgsbase bmi1 avx2 smep bmi2 rdseed adx smap clflushopt sha_ni xsaveopt xsavec xgetbv1 xsaves clzero irperf xsaveerptr arat npt lbrv svm_lock nrip_save tsc_scale vmcb_clean flushbyasid decodeassists pausefilter pfthreshold avic v_vmsave_vmload vgif overflow_recov succor smca
bugs		: sysret_ss_attrs null_seg spectre_v1 spectre_v2 spec_store_bypass
bogomips	: 6801.48
TLB size	: 2560 4K pages
clflush size	: 64
cache_alignment	: 64
address sizes	: 43 bits physical, 48 bits virtual
power management: ts ttp tm hwpstate cpb eff_freq_ro [13] [14]



Memory: 4k page, physical 16365144k(2484248k free), swap 0k(0k free)

vm_info: OpenJDK 64-Bit Server VM (25.222-b05) for linux-amd64 JRE (1.8.0_222-b05), built on Jun 18 2019 08:19:03 by "builduser" with gcc 8.3.0

time: Mon Jul 15 01:25:40 2019
timezone: JST
elapsed time: 0 seconds (0d 0h 0m 0s)

