#
# A fatal error has been detected by the Java Runtime Environment:
#
#  SIGSEGV (0xb) at pc=0x00007f6958f65c44, pid=11853, tid=0x00007f6933cfc700
#
# JRE version: OpenJDK Runtime Environment (8.0_222-b05) (build 1.8.0_222-b05)
# Java VM: OpenJDK 64-Bit Server VM (25.222-b05 mixed mode linux-amd64 compressed oops)
# Problematic frame:
# V  [libjvm.so+0x38ac44]
#
# Core dump written. Default location: /home/naniwa/resarch/git/sskit-core-library/core-library/src/main/java/sample/core or core.11853
#
# If you would like to submit a bug report, please visit:
#   http://bugreport.java.com/bugreport/crash.jsp
#

---------------  T H R E A D  ---------------

Current thread (0x00007f69540cb000):  JavaThread "C1 CompilerThread3" daemon [_thread_in_native, id=11872, stack(0x00007f6933bfd000,0x00007f6933cfd000)]

siginfo: si_signo: 11 (SIGSEGV), si_code: 1 (SEGV_MAPERR), si_addr: 0x00007f69801727c2

Registers:
RAX=0x00007f69540d3c70, RBX=0x00007f69540d3c70, RCX=0x0000000000000146, RDX=0x00000000540d3c70
RSP=0x00007f6933cfaf30, RBP=0x00007f6933cfb2f0, RSI=0x00007f68d86a89f0, RDI=0x00007f69540d3c70
R8 =0x00007f6933cfb090, R9 =0x00007f68e42f8ce0, R10=0x0000000000000000, R11=0x0000000000000005
R12=0x0000000000000002, R13=0x00007f68e04928e0, R14=0x00007f69540d4dc0, R15=0x0000000000000004
RIP=0x00007f6958f65c44, EFLAGS=0x0000000000010202, CSGSFS=0x002b000000000033, ERR=0x0000000000000006
  TRAPNO=0x000000000000000e

Top of Stack: (sp=0x00007f6933cfaf30)
0x00007f6933cfaf30:   0000000000000000 00007f6933cfb050
0x00007f6933cfaf40:   00007f6933cfaff0 00007f6933cfafc0
0x00007f6933cfaf50:   00000000000002f0 00007f6933cfb1f0
0x00007f6933cfaf60:   0000000000000390 00007f68e04905f0
0x00007f6933cfaf70:   0000000000000440 00007f68d813c5d0
0x00007f6933cfaf80:   00007f6933cfb020 0000000000000070
0x00007f6933cfaf90:   0000000000000128 00007f6933cfb090
0x00007f6933cfafa0:   00007f6933cfb098 00007f68e42f8ce0
0x00007f6933cfafb0:   0000000000000008 00007f6933cfb098
0x00007f6933cfafc0:   0000000000000000 00007f6959875f00
0x00007f6933cfafd0:   0000000000000000 00007f6959402400
0x00007f6933cfafe0:   00007f68d86a8960 0000000000000440
0x00007f6933cfaff0:   0000000000000000 0000000000000200
0x00007f6933cfb000:   0000000000000000 00007f6959403000
0x00007f6933cfb010:   00007f68d86a89f0 0000000000000440
0x00007f6933cfb020:   0000000000000000 0000000000000200
0x00007f6933cfb030:   0000000000000000 00007f6959403000
0x00007f6933cfb040:   00007f68d86a88d0 0000000000000440
0x00007f6933cfb050:   0000000000000000 0000000000010000
0x00007f6933cfb060:   0000000000000000 00007f6933cfb100
0x00007f6933cfb070:   00007f68e008adb0 0000000000000854
0x00007f6933cfb080:   0000000000000002 00007f69542c48c0
0x00007f6933cfb090:   00007f68e0491cc0 0000000000000001
0x00007f6933cfb0a0:   0000000000000000 00007f68e0491cb8
0x00007f6933cfb0b0:   00007f68e0491778 00007f68e0491318
0x00007f6933cfb0c0:   00007f68e0490ea0 00007f68e048d710
0x00007f6933cfb0d0:   00007f68d813be01 0000000000000008
0x00007f6933cfb0e0:   00007f6933cfb110 00007f6933cfb190
0x00007f6933cfb0f0:   00007f68e08c8490 00007f695985ee08
0x00007f6933cfb100:   00007f6933cfb150 00007f6958fbe093
0x00007f6933cfb110:   00007f6933cfb290 00007f6958f48d0f
0x00007f6933cfb120:   00000050d813bf80 00000000000002c4 

Instructions: (pc=0x00007f6958f65c44)
0x00007f6958f65c24:   7d 00 00 00 e9 99 00 00 00 0f 1f 00 48 8b 03 4c
0x00007f6958f65c34:   8b 6b 30 48 89 df ff 50 20 48 85 c0 74 07 8b d0
0x00007f6958f65c44:   10 85 d2 74 47 4c 89 e8 83 e0 07 48 83 e8 03 48
0x00007f6958f65c54:   a9 fd ff ff ff 75 35 4c 89 e9 48 8b b5 20 fd ff 

Register to memory mapping:

RAX=0x00007f69540d3c70 is an unknown value
RBX=0x00007f69540d3c70 is an unknown value
RCX=0x0000000000000146 is an unknown value
RDX=0x00000000540d3c70 is an unknown value
RSP=0x00007f6933cfaf30 is pointing into the stack for thread: 0x00007f69540cb000
RBP=0x00007f6933cfb2f0 is pointing into the stack for thread: 0x00007f69540cb000
RSI=0x00007f68d86a89f0 is an unknown value
RDI=0x00007f69540d3c70 is an unknown value
R8 =0x00007f6933cfb090 is pointing into the stack for thread: 0x00007f69540cb000
R9 =0x00007f68e42f8ce0 is an unknown value
R10=0x0000000000000000 is an unknown value
R11=0x0000000000000005 is an unknown value
R12=0x0000000000000002 is an unknown value
R13=0x00007f68e04928e0 is an unknown value
R14=0x00007f69540d4dc0 is an unknown value
R15=0x0000000000000004 is an unknown value


Stack: [0x00007f6933bfd000,0x00007f6933cfd000],  sp=0x00007f6933cfaf30,  free space=1015k
Native frames: (J=compiled Java code, j=interpreted, Vv=VM code, C=native code)
V  [libjvm.so+0x38ac44]
V  [libjvm.so+0x38dd39]
V  [libjvm.so+0x31e16f]
V  [libjvm.so+0x31ea9e]
V  [libjvm.so+0x31ecea]
V  [libjvm.so+0x31f18b]
V  [libjvm.so+0x31f993]
V  [libjvm.so+0x45deb4]
V  [libjvm.so+0x45fa78]
V  [libjvm.so+0x9b5c1f]
V  [libjvm.so+0x9b5f45]
V  [libjvm.so+0x86dd54]
C  [libpthread.so.0+0x957f]  start_thread+0xef


Current CompileTask:
C1:    569 1585       3       com.sun.tools.javac.comp.Attr::visitApply (814 bytes)


---------------  P R O C E S S  ---------------

Java Threads: ( => current thread )
  0x00007f69540d6000 JavaThread "Service Thread" daemon [_thread_blocked, id=11873, stack(0x00007f6933afb000,0x00007f6933bfc000)]
=>0x00007f69540cb000 JavaThread "C1 CompilerThread3" daemon [_thread_in_native, id=11872, stack(0x00007f6933bfd000,0x00007f6933cfd000)]
  0x00007f69540c9000 JavaThread "C2 CompilerThread2" daemon [_thread_in_native, id=11871, stack(0x00007f6933cfe000,0x00007f6933dfe000)]
  0x00007f69540c7000 JavaThread "C2 CompilerThread1" daemon [_thread_in_native, id=11870, stack(0x00007f6933dff000,0x00007f6933eff000)]
  0x00007f69540c4000 JavaThread "C2 CompilerThread0" daemon [_thread_in_native, id=11869, stack(0x00007f6933f00000,0x00007f6934000000)]
  0x00007f69540c3000 JavaThread "Signal Dispatcher" daemon [_thread_blocked, id=11868, stack(0x00007f69400c7000,0x00007f69401c8000)]
  0x00007f6954090000 JavaThread "Finalizer" daemon [_thread_blocked, id=11867, stack(0x00007f69405ae000,0x00007f69406af000)]
  0x00007f695408d800 JavaThread "Reference Handler" daemon [_thread_blocked, id=11866, stack(0x00007f69406af000,0x00007f69407b0000)]
  0x00007f695400a800 JavaThread "main" [_thread_in_Java, id=11854, stack(0x00007f6958995000,0x00007f6958a95000)]

Other Threads:
  0x00007f6954084000 VMThread [stack: 0x00007f69407b1000,0x00007f69408b1000] [id=11865]
  0x00007f69540d8800 WatcherThread [stack: 0x00007f69339fb000,0x00007f6933afb000] [id=11874]

VM state:not at safepoint (normal execution)

VM Mutex/Monitor currently owned by a thread: None

heap address: 0x00000006c6400000, size: 3996 MB, Compressed Oops mode: Zero based, Oop shift amount: 3
Narrow klass base: 0x0000000000000000, Narrow klass shift: 3
Compressed class space size: 1073741824 Address: 0x00000007c0000000

Heap:
 PSYoungGen      total 13824K, used 6398K [0x000000076cc00000, 0x000000076e300000, 0x00000007c0000000)
  eden space 9728K, 25% used [0x000000076cc00000,0x000000076ce77bf8,0x000000076d580000)
  from space 4096K, 94% used [0x000000076da80000,0x000000076de47d68,0x000000076de80000)
  to   space 5120K, 0% used [0x000000076d580000,0x000000076d580000,0x000000076da80000)
 ParOldGen       total 11264K, used 4975K [0x00000006c6400000, 0x00000006c6f00000, 0x000000076cc00000)
  object space 11264K, 44% used [0x00000006c6400000,0x00000006c68dbea8,0x00000006c6f00000)
 Metaspace       used 9688K, capacity 10208K, committed 10368K, reserved 1058816K
  class space    used 1075K, capacity 1108K, committed 1152K, reserved 1048576K

Card table byte_map: [0x00007f6944831000,0x00007f6945000000] byte_map_base: 0x00007f69411ff000

Marking Bits: (ParMarkBitMap*) 0x00007f6959886c40
 Begin Bits: [0x00007f68fc320000, 0x00007f6900190000)
 End Bits:   [0x00007f6900190000, 0x00007f6904000000)

Polling page: 0x00007f6959d2f000

CodeCache: size=245760Kb used=6323Kb max_used=6323Kb free=239436Kb
 bounds [0x00007f6945000000, 0x00007f6945640000, 0x00007f6954000000]
 total_blobs=1880 nmethods=1582 adapters=212
 compilation: enabled

Compilation events (10 events):
Event: 0.566 Thread 0x00007f69540c7000 nmethod 1554 0x00007f694562eed0 code [0x00007f694562f040, 0x00007f694562f2c8]
Event: 0.567 Thread 0x00007f69540cb000 nmethod 1582 0x00007f694562f490 code [0x00007f694562f8c0, 0x00007f69456320d8]
Event: 0.567 Thread 0x00007f69540cb000 1586       3       java.util.ArrayList::toArray (60 bytes)
Event: 0.567 Thread 0x00007f69540c7000 1588       4       java.util.regex.Matcher::search (109 bytes)
Event: 0.567 Thread 0x00007f69540cb000 nmethod 1586 0x00007f6945629d10 code [0x00007f6945629ea0, 0x00007f694562a438]
Event: 0.567 Thread 0x00007f69540cb000 1583       3       java.util.regex.Matcher::<init> (84 bytes)
Event: 0.567 Thread 0x00007f69540cb000 nmethod 1583 0x00007f6945629550 code [0x00007f69456296e0, 0x00007f6945629ba8]
Event: 0.567 Thread 0x00007f69540cb000 1584       3       com.sun.tools.javac.code.Type$ForAll::<init> (17 bytes)
Event: 0.567 Thread 0x00007f69540cb000 nmethod 1584 0x00007f6945628d90 code [0x00007f6945628f20, 0x00007f6945629350]
Event: 0.567 Thread 0x00007f69540cb000 1585       3       com.sun.tools.javac.comp.Attr::visitApply (814 bytes)

GC Heap History (10 events):
Event: 0.193 GC heap before
{Heap before GC invocations=5 (full 0):
 PSYoungGen      total 6656K, used 6640K [0x000000076cc00000, 0x000000076d300000, 0x00000007c0000000)
  eden space 6144K, 100% used [0x000000076cc00000,0x000000076d200000,0x000000076d200000)
  from space 512K, 96% used [0x000000076d280000,0x000000076d2fc010,0x000000076d300000)
  to   space 512K, 0% used [0x000000076d200000,0x000000076d200000,0x000000076d280000)
 ParOldGen       total 5632K, used 948K [0x00000006c6400000, 0x00000006c6980000, 0x000000076cc00000)
  object space 5632K, 16% used [0x00000006c6400000,0x00000006c64ed040,0x00000006c6980000)
 Metaspace       used 7183K, capacity 8180K, committed 8320K, reserved 1056768K
  class space    used 858K, capacity 880K, committed 896K, reserved 1048576K
Event: 0.195 GC heap after
Heap after GC invocations=5 (full 0):
 PSYoungGen      total 6656K, used 496K [0x000000076cc00000, 0x000000076df00000, 0x00000007c0000000)
  eden space 6144K, 0% used [0x000000076cc00000,0x000000076cc00000,0x000000076d200000)
  from space 512K, 96% used [0x000000076d200000,0x000000076d27c010,0x000000076d280000)
  to   space 3584K, 0% used [0x000000076db80000,0x000000076db80000,0x000000076df00000)
 ParOldGen       total 5632K, used 4681K [0x00000006c6400000, 0x00000006c6980000, 0x000000076cc00000)
  object space 5632K, 83% used [0x00000006c6400000,0x00000006c6892470,0x00000006c6980000)
 Metaspace       used 7183K, capacity 8180K, committed 8320K, reserved 1056768K
  class space    used 858K, capacity 880K, committed 896K, reserved 1048576K
}
Event: 0.195 GC heap before
{Heap before GC invocations=6 (full 1):
 PSYoungGen      total 6656K, used 496K [0x000000076cc00000, 0x000000076df00000, 0x00000007c0000000)
  eden space 6144K, 0% used [0x000000076cc00000,0x000000076cc00000,0x000000076d200000)
  from space 512K, 96% used [0x000000076d200000,0x000000076d27c010,0x000000076d280000)
  to   space 3584K, 0% used [0x000000076db80000,0x000000076db80000,0x000000076df00000)
 ParOldGen       total 5632K, used 4681K [0x00000006c6400000, 0x00000006c6980000, 0x000000076cc00000)
  object space 5632K, 83% used [0x00000006c6400000,0x00000006c6892470,0x00000006c6980000)
 Metaspace       used 7183K, capacity 8180K, committed 8320K, reserved 1056768K
  class space    used 858K, capacity 880K, committed 896K, reserved 1048576K
Event: 0.216 GC heap after
Heap after GC invocations=6 (full 1):
 PSYoungGen      total 6656K, used 0K [0x000000076cc00000, 0x000000076df00000, 0x00000007c0000000)
  eden space 6144K, 0% used [0x000000076cc00000,0x000000076cc00000,0x000000076d200000)
  from space 512K, 0% used [0x000000076d200000,0x000000076d200000,0x000000076d280000)
  to   space 3584K, 0% used [0x000000076db80000,0x000000076db80000,0x000000076df00000)
 ParOldGen       total 11264K, used 4951K [0x00000006c6400000, 0x00000006c6f00000, 0x000000076cc00000)
  object space 11264K, 43% used [0x00000006c6400000,0x00000006c68d5ea8,0x00000006c6f00000)
 Metaspace       used 7183K, capacity 8180K, committed 8320K, reserved 1056768K
  class space    used 858K, capacity 880K, committed 896K, reserved 1048576K
}
Event: 0.257 GC heap before
{Heap before GC invocations=7 (full 1):
 PSYoungGen      total 6656K, used 6144K [0x000000076cc00000, 0x000000076df00000, 0x00000007c0000000)
  eden space 6144K, 100% used [0x000000076cc00000,0x000000076d200000,0x000000076d200000)
  from space 512K, 0% used [0x000000076d200000,0x000000076d200000,0x000000076d280000)
  to   space 3584K, 0% used [0x000000076db80000,0x000000076db80000,0x000000076df00000)
 ParOldGen       total 11264K, used 4951K [0x00000006c6400000, 0x00000006c6f00000, 0x000000076cc00000)
  object space 11264K, 43% used [0x00000006c6400000,0x00000006c68d5ea8,0x00000006c6f00000)
 Metaspace       used 7350K, capacity 8276K, committed 8448K, reserved 1056768K
  class space    used 870K, capacity 912K, committed 1024K, reserved 1048576K
Event: 0.259 GC heap after
Heap after GC invocations=7 (full 1):
 PSYoungGen      total 10240K, used 1897K [0x000000076cc00000, 0x000000076dd80000, 0x00000007c0000000)
  eden space 8192K, 0% used [0x000000076cc00000,0x000000076cc00000,0x000000076d400000)
  from space 2048K, 92% used [0x000000076db80000,0x000000076dd5a750,0x000000076dd80000)
  to   space 3584K, 0% used [0x000000076d680000,0x000000076d680000,0x000000076da00000)
 ParOldGen       total 11264K, used 4959K [0x00000006c6400000, 0x00000006c6f00000, 0x000000076cc00000)
  object space 11264K, 44% used [0x00000006c6400000,0x00000006c68d7ea8,0x00000006c6f00000)
 Metaspace       used 7350K, capacity 8276K, committed 8448K, reserved 1056768K
  class space    used 870K, capacity 912K, committed 1024K, reserved 1048576K
}
Event: 0.357 GC heap before
{Heap before GC invocations=8 (full 1):
 PSYoungGen      total 10240K, used 10089K [0x000000076cc00000, 0x000000076dd80000, 0x00000007c0000000)
  eden space 8192K, 100% used [0x000000076cc00000,0x000000076d400000,0x000000076d400000)
  from space 2048K, 92% used [0x000000076db80000,0x000000076dd5a750,0x000000076dd80000)
  to   space 3584K, 0% used [0x000000076d680000,0x000000076d680000,0x000000076da00000)
 ParOldGen       total 11264K, used 4959K [0x00000006c6400000, 0x00000006c6f00000, 0x000000076cc00000)
  object space 11264K, 44% used [0x00000006c6400000,0x00000006c68d7ea8,0x00000006c6f00000)
 Metaspace       used 8340K, capacity 8992K, committed 9216K, reserved 1056768K
  class space    used 963K, capacity 980K, committed 1024K, reserved 1048576K
Event: 0.361 GC heap after
Heap after GC invocations=8 (full 1):
 PSYoungGen      total 14336K, used 3423K [0x000000076cc00000, 0x000000076de80000, 0x00000007c0000000)
  eden space 10752K, 0% used [0x000000076cc00000,0x000000076cc00000,0x000000076d680000)
  from space 3584K, 95% used [0x000000076d680000,0x000000076d9d7d68,0x000000076da00000)
  to   space 4096K, 0% used [0x000000076da80000,0x000000076da80000,0x000000076de80000)
 ParOldGen       total 11264K, used 4967K [0x00000006c6400000, 0x00000006c6f00000, 0x000000076cc00000)
  object space 11264K, 44% used [0x00000006c6400000,0x00000006c68d9ea8,0x00000006c6f00000)
 Metaspace       used 8340K, capacity 8992K, committed 9216K, reserved 1056768K
  class space    used 963K, capacity 980K, committed 1024K, reserved 1048576K
}
Event: 0.539 GC heap before
{Heap before GC invocations=9 (full 1):
 PSYoungGen      total 14336K, used 14175K [0x000000076cc00000, 0x000000076de80000, 0x00000007c0000000)
  eden space 10752K, 100% used [0x000000076cc00000,0x000000076d680000,0x000000076d680000)
  from space 3584K, 95% used [0x000000076d680000,0x000000076d9d7d68,0x000000076da00000)
  to   space 4096K, 0% used [0x000000076da80000,0x000000076da80000,0x000000076de80000)
 ParOldGen       total 11264K, used 4967K [0x00000006c6400000, 0x00000006c6f00000, 0x000000076cc00000)
  object space 11264K, 44% used [0x00000006c6400000,0x00000006c68d9ea8,0x00000006c6f00000)
 Metaspace       used 9582K, capacity 10144K, committed 10368K, reserved 1058816K
  class space    used 1071K, capacity 1108K, committed 1152K, reserved 1048576K
Event: 0.540 GC heap after
Heap after GC invocations=9 (full 1):
 PSYoungGen      total 13824K, used 3871K [0x000000076cc00000, 0x000000076e300000, 0x00000007c0000000)
  eden space 9728K, 0% used [0x000000076cc00000,0x000000076cc00000,0x000000076d580000)
  from space 4096K, 94% used [0x000000076da80000,0x000000076de47d68,0x000000076de80000)
  to   space 5120K, 0% used [0x000000076d580000,0x000000076d580000,0x000000076da80000)
 ParOldGen       total 11264K, used 4975K [0x00000006c6400000, 0x00000006c6f00000, 0x000000076cc00000)
  object space 11264K, 44% used [0x00000006c6400000,0x00000006c68dbea8,0x00000006c6f00000)
 Metaspace       used 9582K, capacity 10144K, committed 10368K, reserved 1058816K
  class space    used 1071K, capacity 1108K, committed 1152K, reserved 1048576K
}

Deoptimization events (10 events):
Event: 0.480 Thread 0x00007f695400a800 Uncommon trap: reason=class_check action=maybe_recompile pc=0x00007f6945404368 method=com.sun.tools.javac.code.Type.containsAny(Lcom/sun/tools/javac/util/List;)Z @ 6
Event: 0.482 Thread 0x00007f695400a800 Uncommon trap: reason=class_check action=maybe_recompile pc=0x00007f694547cd24 method=java.lang.Class.getEnumConstantsShared()[Ljava/lang/Object; @ 50
Event: 0.482 Thread 0x00007f695400a800 Uncommon trap: reason=class_check action=maybe_recompile pc=0x00007f6945404368 method=com.sun.tools.javac.code.Type.containsAny(Lcom/sun/tools/javac/util/List;)Z @ 6
Event: 0.483 Thread 0x00007f695400a800 Uncommon trap: reason=class_check action=maybe_recompile pc=0x00007f6945478e94 method=java.lang.Class.getEnumConstantsShared()[Ljava/lang/Object; @ 50
Event: 0.487 Thread 0x00007f695400a800 Uncommon trap: reason=unstable_if action=reinterpret pc=0x00007f69454d1c00 method=com.sun.tools.javac.code.Types$18.visitClassType(Lcom/sun/tools/javac/code/Type$ClassType;Ljava/lang/Void;)Lcom/sun/tools/javac/code/Type; @ 75
Event: 0.500 Thread 0x00007f695400a800 Uncommon trap: reason=class_check action=maybe_recompile pc=0x00007f69455283ec method=com.sun.tools.javac.code.Type$ClassType.isRaw()Z @ 31
Event: 0.500 Thread 0x00007f695400a800 Uncommon trap: reason=class_check action=maybe_recompile pc=0x00007f69455283ec method=com.sun.tools.javac.code.Type$ClassType.isRaw()Z @ 31
Event: 0.501 Thread 0x00007f695400a800 Uncommon trap: reason=class_check action=maybe_recompile pc=0x00007f69455283ec method=com.sun.tools.javac.code.Type$ClassType.isRaw()Z @ 31
Event: 0.501 Thread 0x00007f695400a800 Uncommon trap: reason=class_check action=maybe_recompile pc=0x00007f69455283ec method=com.sun.tools.javac.code.Type$ClassType.isRaw()Z @ 31
Event: 0.525 Thread 0x00007f695400a800 Uncommon trap: reason=unstable_if action=reinterpret pc=0x00007f694558f968 method=com.sun.tools.javac.code.Types.isSubtypeUncheckedInternal(Lcom/sun/tools/javac/code/Type;Lcom/sun/tools/javac/code/Type;Lcom/sun/tools/javac/util/Warner;)Z @ 110

Classes redefined (0 events):
No events

Internal exceptions (10 events):
Event: 0.051 Thread 0x00007f695400a800 Exception <a 'java/security/PrivilegedActionException'> (0x000000076cd57298) thrown at [/build/java8-openjdk/src/jdk8u-jdk8u222-b05/hotspot/src/share/vm/prims/jvm.cpp, line 1502]
Event: 0.051 Thread 0x00007f695400a800 Exception <a 'java/security/PrivilegedActionException'> (0x000000076cd57690) thrown at [/build/java8-openjdk/src/jdk8u-jdk8u222-b05/hotspot/src/share/vm/prims/jvm.cpp, line 1502]
Event: 0.051 Thread 0x00007f695400a800 Exception <a 'java/security/PrivilegedActionException'> (0x000000076cd582d8) thrown at [/build/java8-openjdk/src/jdk8u-jdk8u222-b05/hotspot/src/share/vm/prims/jvm.cpp, line 1502]
Event: 0.051 Thread 0x00007f695400a800 Exception <a 'java/security/PrivilegedActionException'> (0x000000076cd586d0) thrown at [/build/java8-openjdk/src/jdk8u-jdk8u222-b05/hotspot/src/share/vm/prims/jvm.cpp, line 1502]
Event: 0.055 Thread 0x00007f695400a800 Exception <a 'java/security/PrivilegedActionException'> (0x000000076cc59730) thrown at [/build/java8-openjdk/src/jdk8u-jdk8u222-b05/hotspot/src/share/vm/prims/jvm.cpp, line 1502]
Event: 0.055 Thread 0x00007f695400a800 Exception <a 'java/security/PrivilegedActionException'> (0x000000076cc59b28) thrown at [/build/java8-openjdk/src/jdk8u-jdk8u222-b05/hotspot/src/share/vm/prims/jvm.cpp, line 1502]
Event: 0.227 Thread 0x00007f695400a800 Exception <a 'java/io/FileNotFoundException'> (0x000000076cc97b48) thrown at [/build/java8-openjdk/src/jdk8u-jdk8u222-b05/hotspot/src/share/vm/prims/jni.cpp, line 710]
Event: 0.228 Thread 0x00007f695400a800 Exception <a 'java/io/FileNotFoundException'> (0x000000076ccd9be0) thrown at [/build/java8-openjdk/src/jdk8u-jdk8u222-b05/hotspot/src/share/vm/prims/jni.cpp, line 710]
Event: 0.228 Thread 0x00007f695400a800 Exception <a 'java/io/FileNotFoundException'> (0x000000076ccda520) thrown at [/build/java8-openjdk/src/jdk8u-jdk8u222-b05/hotspot/src/share/vm/prims/jni.cpp, line 710]
Event: 0.374 Thread 0x00007f695400a800 Implicit null exception at 0x00007f6945213c95 to 0x00007f6945214135

Events (10 events):
Event: 0.552 loading class com/sun/tools/javac/tree/TreeInfo$PosKind
Event: 0.552 loading class com/sun/tools/javac/tree/TreeInfo$PosKind done
Event: 0.552 loading class com/sun/tools/javac/tree/TreeInfo$PosKind$1
Event: 0.552 loading class com/sun/tools/javac/tree/TreeInfo$PosKind$1 done
Event: 0.552 loading class com/sun/tools/javac/tree/TreeInfo$PosKind$2
Event: 0.552 loading class com/sun/tools/javac/tree/TreeInfo$PosKind$2 done
Event: 0.553 loading class com/sun/tools/javac/tree/TreeInfo$PosKind$3
Event: 0.553 loading class com/sun/tools/javac/tree/TreeInfo$PosKind$3 done
Event: 0.561 Executing VM operation: ForceSafepoint
Event: 0.562 Executing VM operation: ForceSafepoint done


Dynamic libraries:
6c6400000-6c6f00000 rw-p 00000000 00:00 0 
6c6f00000-76cc00000 ---p 00000000 00:00 0 
76cc00000-76e300000 rw-p 00000000 00:00 0 
76e300000-7c0000000 ---p 00000000 00:00 0 
7c0000000-7c0120000 rw-p 00000000 00:00 0 
7c0120000-800000000 ---p 00000000 00:00 0 
55da1885e000-55da1885f000 r--p 00000000 08:02 3283521                    /usr/lib/jvm/java-8-openjdk/bin/javac
55da1885f000-55da18860000 r-xp 00001000 08:02 3283521                    /usr/lib/jvm/java-8-openjdk/bin/javac
55da18860000-55da18861000 r--p 00002000 08:02 3283521                    /usr/lib/jvm/java-8-openjdk/bin/javac
55da18861000-55da18862000 r--p 00002000 08:02 3283521                    /usr/lib/jvm/java-8-openjdk/bin/javac
55da18862000-55da18863000 rw-p 00003000 08:02 3283521                    /usr/lib/jvm/java-8-openjdk/bin/javac
55da194d8000-55da194f9000 rw-p 00000000 00:00 0                          [heap]
7f68d0000000-7f68d0021000 rw-p 00000000 00:00 0 
7f68d0021000-7f68d4000000 ---p 00000000 00:00 0 
7f68d8000000-7f68d87b9000 rw-p 00000000 00:00 0 
7f68d87b9000-7f68dc000000 ---p 00000000 00:00 0 
7f68dc000000-7f68dc021000 rw-p 00000000 00:00 0 
7f68dc021000-7f68e0000000 ---p 00000000 00:00 0 
7f68e0000000-7f68e0b68000 rw-p 00000000 00:00 0 
7f68e0b68000-7f68e4000000 ---p 00000000 00:00 0 
7f68e4000000-7f68e47a9000 rw-p 00000000 00:00 0 
7f68e47a9000-7f68e8000000 ---p 00000000 00:00 0 
7f68e8000000-7f68e8021000 rw-p 00000000 00:00 0 
7f68e8021000-7f68ec000000 ---p 00000000 00:00 0 
7f68ec000000-7f68ec58e000 rw-p 00000000 00:00 0 
7f68ec58e000-7f68f0000000 ---p 00000000 00:00 0 
7f68f0000000-7f68f0021000 rw-p 00000000 00:00 0 
7f68f0021000-7f68f4000000 ---p 00000000 00:00 0 
7f68f4000000-7f68f4021000 rw-p 00000000 00:00 0 
7f68f4021000-7f68f8000000 ---p 00000000 00:00 0 
7f68f8000000-7f68f8021000 rw-p 00000000 00:00 0 
7f68f8021000-7f68fc000000 ---p 00000000 00:00 0 
7f68fc320000-7f6904000000 rw-p 00000000 00:00 0 
7f6904000000-7f6904021000 rw-p 00000000 00:00 0 
7f6904021000-7f6908000000 ---p 00000000 00:00 0 
7f690c000000-7f690c021000 rw-p 00000000 00:00 0 
7f690c021000-7f6910000000 ---p 00000000 00:00 0 
7f6910000000-7f6910021000 rw-p 00000000 00:00 0 
7f6910021000-7f6914000000 ---p 00000000 00:00 0 
7f6914000000-7f6914021000 rw-p 00000000 00:00 0 
7f6914021000-7f6918000000 ---p 00000000 00:00 0 
7f691c000000-7f691c021000 rw-p 00000000 00:00 0 
7f691c021000-7f6920000000 ---p 00000000 00:00 0 
7f6924000000-7f6924021000 rw-p 00000000 00:00 0 
7f6924021000-7f6928000000 ---p 00000000 00:00 0 
7f692c000000-7f692c021000 rw-p 00000000 00:00 0 
7f692c021000-7f6930000000 ---p 00000000 00:00 0 
7f69337fa000-7f69338fa000 rw-p 00000000 00:00 0 
7f69338fa000-7f69339fa000 ---p 00000000 00:00 0 
7f69339fa000-7f69339fb000 ---p 00000000 00:00 0 
7f69339fb000-7f6933afb000 rw-p 00000000 00:00 0 
7f6933afb000-7f6933afe000 ---p 00000000 00:00 0 
7f6933afe000-7f6933bfc000 rw-p 00000000 00:00 0 
7f6933bfc000-7f6933bfd000 ---p 00000000 00:00 0 
7f6933bfd000-7f6933c00000 ---p 00000000 00:00 0 
7f6933c00000-7f6933cfd000 rw-p 00000000 00:00 0 
7f6933cfd000-7f6933cfe000 ---p 00000000 00:00 0 
7f6933cfe000-7f6933d01000 ---p 00000000 00:00 0 
7f6933d01000-7f6933dfe000 rw-p 00000000 00:00 0 
7f6933dfe000-7f6933dff000 ---p 00000000 00:00 0 
7f6933dff000-7f6933e02000 ---p 00000000 00:00 0 
7f6933e02000-7f6933eff000 rw-p 00000000 00:00 0 
7f6933eff000-7f6933f00000 ---p 00000000 00:00 0 
7f6933f00000-7f6933f03000 ---p 00000000 00:00 0 
7f6933f03000-7f6934000000 rw-p 00000000 00:00 0 
7f6934000000-7f6934021000 rw-p 00000000 00:00 0 
7f6934021000-7f6938000000 ---p 00000000 00:00 0 
7f6938000000-7f6938021000 rw-p 00000000 00:00 0 
7f6938021000-7f693c000000 ---p 00000000 00:00 0 
7f693c000000-7f693c021000 rw-p 00000000 00:00 0 
7f693c021000-7f6940000000 ---p 00000000 00:00 0 
7f6940029000-7f694004d000 r--p 00000000 08:02 538587                     /usr/share/locale/ja/LC_MESSAGES/libc.mo
7f694004d000-7f69400c7000 r--s 01103000 08:02 3283573                    /usr/lib/jvm/java-8-openjdk/lib/tools.jar
7f69400c7000-7f69400ca000 ---p 00000000 00:00 0 
7f69400ca000-7f69401c8000 rw-p 00000000 00:00 0 
7f69401c8000-7f69405ae000 r--p 00000000 08:02 582044                     /usr/lib/locale/locale-archive
7f69405ae000-7f69405b1000 ---p 00000000 00:00 0 
7f69405b1000-7f69406af000 rw-p 00000000 00:00 0 
7f69406af000-7f69406b2000 ---p 00000000 00:00 0 
7f69406b2000-7f69407b0000 rw-p 00000000 00:00 0 
7f69407b0000-7f69407b1000 ---p 00000000 00:00 0 
7f69407b1000-7f6942b6a000 rw-p 00000000 00:00 0 
7f6942b6a000-7f6942d39000 r--s 03c3d000 08:02 3283488                    /usr/lib/jvm/java-8-openjdk/jre/lib/rt.jar
7f6942d39000-7f694360a000 rw-p 00000000 00:00 0 
7f694360a000-7f6943e27000 rw-p 00000000 00:00 0 
7f6943e27000-7f6943e28000 ---p 00000000 00:00 0 
7f6943e28000-7f6943f28000 rw-p 00000000 00:00 0 
7f6943f28000-7f6943f29000 ---p 00000000 00:00 0 
7f6943f29000-7f6944029000 rw-p 00000000 00:00 0 
7f6944029000-7f694402a000 ---p 00000000 00:00 0 
7f694402a000-7f694412a000 rw-p 00000000 00:00 0 
7f694412a000-7f694412b000 ---p 00000000 00:00 0 
7f694412b000-7f694422b000 rw-p 00000000 00:00 0 
7f694422b000-7f694422c000 ---p 00000000 00:00 0 
7f694422c000-7f694432c000 rw-p 00000000 00:00 0 
7f694432c000-7f694432d000 ---p 00000000 00:00 0 
7f694432d000-7f694442d000 rw-p 00000000 00:00 0 
7f694442d000-7f694442e000 ---p 00000000 00:00 0 
7f694442e000-7f694452e000 rw-p 00000000 00:00 0 
7f694452e000-7f694452f000 ---p 00000000 00:00 0 
7f694452f000-7f694462f000 rw-p 00000000 00:00 0 
7f694462f000-7f6944630000 ---p 00000000 00:00 0 
7f6944630000-7f6944730000 rw-p 00000000 00:00 0 
7f6944730000-7f6944731000 ---p 00000000 00:00 0 
7f6944731000-7f6944837000 rw-p 00000000 00:00 0 
7f6944837000-7f6944d65000 ---p 00000000 00:00 0 
7f6944d65000-7f6944d71000 rw-p 00000000 00:00 0 
7f6944d71000-7f6944fff000 ---p 00000000 00:00 0 
7f6944fff000-7f6945000000 rw-p 00000000 00:00 0 
7f6945000000-7f6945640000 rwxp 00000000 00:00 0 
7f6945640000-7f6954000000 ---p 00000000 00:00 0 
7f6954000000-7f695450b000 rw-p 00000000 00:00 0 
7f695450b000-7f6958000000 ---p 00000000 00:00 0 
7f6958008000-7f6958012000 r--s 00116000 08:02 3283452                    /usr/lib/jvm/java-8-openjdk/jre/lib/ext/localedata.jar
7f6958012000-7f6958039000 rw-p 00000000 00:00 0 
7f6958039000-7f6958567000 ---p 00000000 00:00 0 
7f6958567000-7f6958580000 rw-p 00000000 00:00 0 
7f6958580000-7f6958927000 ---p 00000000 00:00 0 
7f6958927000-7f695892a000 r--p 00000000 08:02 528780                     /usr/lib/libnss_files-2.29.so
7f695892a000-7f6958931000 r-xp 00003000 08:02 528780                     /usr/lib/libnss_files-2.29.so
7f6958931000-7f6958933000 r--p 0000a000 08:02 528780                     /usr/lib/libnss_files-2.29.so
7f6958933000-7f6958934000 r--p 0000b000 08:02 528780                     /usr/lib/libnss_files-2.29.so
7f6958934000-7f6958935000 rw-p 0000c000 08:02 528780                     /usr/lib/libnss_files-2.29.so
7f6958935000-7f695893b000 rw-p 00000000 00:00 0 
7f695893b000-7f6958956000 r--s 00394000 08:02 3283448                    /usr/lib/jvm/java-8-openjdk/jre/lib/ext/cldrdata.jar
7f6958956000-7f695897e000 rw-p 00000000 00:00 0 
7f695897e000-7f6958981000 r--p 00000000 08:02 3283433                    /usr/lib/jvm/java-8-openjdk/jre/lib/amd64/libzip.so
7f6958981000-7f6958985000 r-xp 00003000 08:02 3283433                    /usr/lib/jvm/java-8-openjdk/jre/lib/amd64/libzip.so
7f6958985000-7f6958987000 r--p 00007000 08:02 3283433                    /usr/lib/jvm/java-8-openjdk/jre/lib/amd64/libzip.so
7f6958987000-7f6958988000 r--p 00008000 08:02 3283433                    /usr/lib/jvm/java-8-openjdk/jre/lib/amd64/libzip.so
7f6958988000-7f6958989000 rw-p 00009000 08:02 3283433                    /usr/lib/jvm/java-8-openjdk/jre/lib/amd64/libzip.so
7f6958989000-7f695898c000 r--p 00000000 08:02 528799                     /usr/lib/librt-2.29.so
7f695898c000-7f6958990000 r-xp 00003000 08:02 528799                     /usr/lib/librt-2.29.so
7f6958990000-7f6958992000 r--p 00007000 08:02 528799                     /usr/lib/librt-2.29.so
7f6958992000-7f6958993000 r--p 00008000 08:02 528799                     /usr/lib/librt-2.29.so
7f6958993000-7f6958994000 rw-p 00009000 08:02 528799                     /usr/lib/librt-2.29.so
7f6958994000-7f6958995000 ---p 00000000 00:00 0 
7f6958995000-7f6958998000 ---p 00000000 00:00 0 
7f6958998000-7f6958a95000 rw-p 00000000 00:00 0 
7f6958a95000-7f6958aa4000 r--p 00000000 08:02 528737                     /usr/lib/libm-2.29.so
7f6958aa4000-7f6958b40000 r-xp 0000f000 08:02 528737                     /usr/lib/libm-2.29.so
7f6958b40000-7f6958bd9000 r--p 000ab000 08:02 528737                     /usr/lib/libm-2.29.so
7f6958bd9000-7f6958bda000 r--p 00143000 08:02 528737                     /usr/lib/libm-2.29.so
7f6958bda000-7f6958bdb000 rw-p 00144000 08:02 528737                     /usr/lib/libm-2.29.so
7f6958bdb000-7f6958dcc000 r--p 00000000 08:02 3283436                    /usr/lib/jvm/java-8-openjdk/jre/lib/amd64/server/libjvm.so
7f6958dcc000-7f6959614000 r-xp 001f1000 08:02 3283436                    /usr/lib/jvm/java-8-openjdk/jre/lib/amd64/server/libjvm.so
7f6959614000-7f69597b6000 r--p 00a39000 08:02 3283436                    /usr/lib/jvm/java-8-openjdk/jre/lib/amd64/server/libjvm.so
7f69597b6000-7f695984b000 r--p 00bda000 08:02 3283436                    /usr/lib/jvm/java-8-openjdk/jre/lib/amd64/server/libjvm.so
7f695984b000-7f6959873000 rw-p 00c6f000 08:02 3283436                    /usr/lib/jvm/java-8-openjdk/jre/lib/amd64/server/libjvm.so
7f6959873000-7f69598a5000 rw-p 00000000 00:00 0 
7f69598a5000-7f69598ac000 r--p 00000000 08:02 528790                     /usr/lib/libpthread-2.29.so
7f69598ac000-7f69598bb000 r-xp 00007000 08:02 528790                     /usr/lib/libpthread-2.29.so
7f69598bb000-7f69598c0000 r--p 00016000 08:02 528790                     /usr/lib/libpthread-2.29.so
7f69598c0000-7f69598c1000 r--p 0001a000 08:02 528790                     /usr/lib/libpthread-2.29.so
7f69598c1000-7f69598c2000 rw-p 0001b000 08:02 528790                     /usr/lib/libpthread-2.29.so
7f69598c2000-7f69598c6000 rw-p 00000000 00:00 0 
7f69598c6000-7f69598c7000 r--p 00000000 08:02 528728                     /usr/lib/libdl-2.29.so
7f69598c7000-7f69598c8000 r-xp 00001000 08:02 528728                     /usr/lib/libdl-2.29.so
7f69598c8000-7f69598c9000 r--p 00002000 08:02 528728                     /usr/lib/libdl-2.29.so
7f69598c9000-7f69598ca000 r--p 00002000 08:02 528728                     /usr/lib/libdl-2.29.so
7f69598ca000-7f69598cb000 rw-p 00003000 08:02 528728                     /usr/lib/libdl-2.29.so
7f69598cb000-7f69598e1000 r-xp 00000000 08:02 554463                     /usr/lib/libz.so.1.2.11
7f69598e1000-7f6959ae0000 ---p 00016000 08:02 554463                     /usr/lib/libz.so.1.2.11
7f6959ae0000-7f6959ae1000 r--p 00015000 08:02 554463                     /usr/lib/libz.so.1.2.11
7f6959ae1000-7f6959ae2000 rw-p 00016000 08:02 554463                     /usr/lib/libz.so.1.2.11
7f6959ae2000-7f6959b07000 r--p 00000000 08:02 528714                     /usr/lib/libc-2.29.so
7f6959b07000-7f6959c51000 r-xp 00025000 08:02 528714                     /usr/lib/libc-2.29.so
7f6959c51000-7f6959c9a000 r--p 0016f000 08:02 528714                     /usr/lib/libc-2.29.so
7f6959c9a000-7f6959c9b000 ---p 001b8000 08:02 528714                     /usr/lib/libc-2.29.so
7f6959c9b000-7f6959c9e000 r--p 001b8000 08:02 528714                     /usr/lib/libc-2.29.so
7f6959c9e000-7f6959ca1000 rw-p 001bb000 08:02 528714                     /usr/lib/libc-2.29.so
7f6959ca1000-7f6959ca5000 rw-p 00000000 00:00 0 
7f6959ca7000-7f6959caa000 r--s 00015000 08:02 6334947                    /home/naniwa/.gradle/caches/modules-2/files-2.1/javax.servlet/javax.servlet-api/3.1.0/3cd63d075497751784b2fa84be59432f4905bf7c/javax.servlet-api-3.1.0.jar
7f6959caa000-7f6959cac000 r--s 00008000 08:02 4084328                    /home/naniwa/.gradle/caches/modules-2/files-2.1/gov.nist.math/jama/1.0.3/8bcf5a314b76cadd68daa37eafe0a46d8909ab47/jama-1.0.3.jar
7f6959cac000-7f6959cb4000 rw-s 00000000 00:2b 41217                      /tmp/hsperfdata_naniwa/11853
7f6959cb4000-7f6959cb5000 rw-p 00000000 00:00 0 
7f6959cb5000-7f6959cc2000 r--p 00000000 08:02 3283415                    /usr/lib/jvm/java-8-openjdk/jre/lib/amd64/libjava.so
7f6959cc2000-7f6959cd8000 r-xp 0000d000 08:02 3283415                    /usr/lib/jvm/java-8-openjdk/jre/lib/amd64/libjava.so
7f6959cd8000-7f6959cdf000 r--p 00023000 08:02 3283415                    /usr/lib/jvm/java-8-openjdk/jre/lib/amd64/libjava.so
7f6959cdf000-7f6959ce0000 r--p 00029000 08:02 3283415                    /usr/lib/jvm/java-8-openjdk/jre/lib/amd64/libjava.so
7f6959ce0000-7f6959ce1000 rw-p 0002a000 08:02 3283415                    /usr/lib/jvm/java-8-openjdk/jre/lib/amd64/libjava.so
7f6959ce1000-7f6959ce2000 rw-p 00000000 00:00 0 
7f6959ce2000-7f6959ce7000 r--p 00000000 08:02 3283432                    /usr/lib/jvm/java-8-openjdk/jre/lib/amd64/libverify.so
7f6959ce7000-7f6959cee000 r-xp 00005000 08:02 3283432                    /usr/lib/jvm/java-8-openjdk/jre/lib/amd64/libverify.so
7f6959cee000-7f6959cf0000 r--p 0000c000 08:02 3283432                    /usr/lib/jvm/java-8-openjdk/jre/lib/amd64/libverify.so
7f6959cf0000-7f6959cf2000 r--p 0000d000 08:02 3283432                    /usr/lib/jvm/java-8-openjdk/jre/lib/amd64/libverify.so
7f6959cf2000-7f6959cf3000 rw-p 0000f000 08:02 3283432                    /usr/lib/jvm/java-8-openjdk/jre/lib/amd64/libverify.so
7f6959cf3000-7f6959cf6000 r--p 00000000 08:02 3283564                    /usr/lib/jvm/java-8-openjdk/lib/amd64/jli/libjli.so
7f6959cf6000-7f6959cff000 r-xp 00003000 08:02 3283564                    /usr/lib/jvm/java-8-openjdk/lib/amd64/jli/libjli.so
7f6959cff000-7f6959d02000 r--p 0000c000 08:02 3283564                    /usr/lib/jvm/java-8-openjdk/lib/amd64/jli/libjli.so
7f6959d02000-7f6959d03000 r--p 0000e000 08:02 3283564                    /usr/lib/jvm/java-8-openjdk/lib/amd64/jli/libjli.so
7f6959d03000-7f6959d04000 rw-p 0000f000 08:02 3283564                    /usr/lib/jvm/java-8-openjdk/lib/amd64/jli/libjli.so
7f6959d04000-7f6959d06000 rw-p 00000000 00:00 0 
7f6959d06000-7f6959d08000 r--p 00000000 08:02 528693                     /usr/lib/ld-2.29.so
7f6959d08000-7f6959d27000 r-xp 00002000 08:02 528693                     /usr/lib/ld-2.29.so
7f6959d27000-7f6959d2f000 r--p 00021000 08:02 528693                     /usr/lib/ld-2.29.so
7f6959d2f000-7f6959d30000 r--p 00000000 00:00 0 
7f6959d30000-7f6959d31000 r--p 00029000 08:02 528693                     /usr/lib/ld-2.29.so
7f6959d31000-7f6959d32000 rw-p 0002a000 08:02 528693                     /usr/lib/ld-2.29.so
7f6959d32000-7f6959d33000 rw-p 00000000 00:00 0 
7ffda2fa1000-7ffda2fc2000 rw-p 00000000 00:00 0                          [stack]
7ffda2ffc000-7ffda2fff000 r--p 00000000 00:00 0                          [vvar]
7ffda2fff000-7ffda3000000 r-xp 00000000 00:00 0                          [vdso]

VM Arguments:
jvm_args: -Dapplication.home=/usr/lib/jvm/java-8-openjdk -Xms8m 
java_command: com.sun.tools.javac.Main -Xlint -cp /home/naniwa/.gradle/caches/modules-2/files-2.1/gov.nist.math/jama/1.0.3/8bcf5a314b76cadd68daa37eafe0a46d8909ab47/jama-1.0.3.jar:/home/naniwa/.gradle/caches/modules-2/files-2.1/javax.servlet/javax.servlet-api/3.1.0/3cd63d075497751784b2fa84be59432f4905bf7c/javax.servlet-api-3.1.0.jar -sourcepath /home/naniwa/resarch/git/sskit-core-library/core-library/src/main/java/ -d /tmp/nvimsrJa1v/6 /tmp/nvimsrJa1v/7/main.java
java_class_path (initial): /usr/lib/jvm/java-8-openjdk/lib/tools.jar:/usr/lib/jvm/java-8-openjdk/classes
Launcher Type: SUN_STANDARD

Environment Variables:
PATH=/home/naniwa/bin:/usr/local/bin:/usr/local/sbin:/usr/bin:/usr/lib/jvm/default/bin:/usr/bin/site_perl:/usr/bin/vendor_perl:/usr/bin/core_perl
SHELL=/usr/bin/zsh

Signal Handlers:
SIGSEGV: [libjvm.so+0xa09100], sa_mask[0]=11111111011111111101111111111110, sa_flags=SA_RESTART|SA_SIGINFO
SIGBUS: [libjvm.so+0xa09100], sa_mask[0]=11111111011111111101111111111110, sa_flags=SA_RESTART|SA_SIGINFO
SIGFPE: [libjvm.so+0x86be80], sa_mask[0]=11111111011111111101111111111110, sa_flags=SA_RESTART|SA_SIGINFO
SIGPIPE: [libjvm.so+0x86be80], sa_mask[0]=11111111011111111101111111111110, sa_flags=SA_RESTART|SA_SIGINFO
SIGXFSZ: [libjvm.so+0x86be80], sa_mask[0]=11111111011111111101111111111110, sa_flags=SA_RESTART|SA_SIGINFO
SIGILL: [libjvm.so+0x86be80], sa_mask[0]=11111111011111111101111111111110, sa_flags=SA_RESTART|SA_SIGINFO
SIGUSR1: SIG_DFL, sa_mask[0]=00000000000000000000000000000000, sa_flags=none
SIGUSR2: [libjvm.so+0x86bd40], sa_mask[0]=00000000000000000000000000000000, sa_flags=SA_RESTART|SA_SIGINFO
SIGHUP: [libjvm.so+0x86c120], sa_mask[0]=11111111011111111101111111111110, sa_flags=SA_RESTART|SA_SIGINFO
SIGINT: [libjvm.so+0x86c120], sa_mask[0]=11111111011111111101111111111110, sa_flags=SA_RESTART|SA_SIGINFO
SIGTERM: [libjvm.so+0x86c120], sa_mask[0]=11111111011111111101111111111110, sa_flags=SA_RESTART|SA_SIGINFO
SIGQUIT: [libjvm.so+0x86c120], sa_mask[0]=11111111011111111101111111111110, sa_flags=SA_RESTART|SA_SIGINFO


---------------  S Y S T E M  ---------------

OS:LSB_VERSION=1.4
DISTRIB_ID=Arch
DISTRIB_RELEASE=rolling
DISTRIB_DESCRIPTION="Arch Linux"

uname:Linux 5.1.15-zen1-1-zen #1 ZEN SMP PREEMPT Tue Jun 25 04:49:28 UTC 2019 x86_64
libc:glibc 2.29 NPTL 2.29 
rlimit: STACK 8192k, CORE infinity, NPROC 63864, NOFILE 524288, AS infinity
load average:2.02 2.32 1.52

/proc/meminfo:
MemTotal:       16364464 kB
MemFree:        14488228 kB
MemAvailable:   14751920 kB
Buffers:           73304 kB
Cached:           401520 kB
SwapCached:            0 kB
Active:          1352700 kB
Inactive:         209852 kB
Active(anon):    1088884 kB
Inactive(anon):      592 kB
Active(file):     263816 kB
Inactive(file):   209260 kB
Unevictable:           0 kB
Mlocked:               0 kB
SwapTotal:             0 kB
SwapFree:              0 kB
Dirty:               260 kB
Writeback:           192 kB
AnonPages:       1078520 kB
Mapped:           141416 kB
Shmem:              1720 kB
KReclaimable:      86440 kB
Slab:             161304 kB
SReclaimable:      86440 kB
SUnreclaim:        74864 kB
KernelStack:        6496 kB
PageTables:         6532 kB
NFS_Unstable:          0 kB
Bounce:                0 kB
WritebackTmp:          0 kB
CommitLimit:     8182232 kB
Committed_AS:    2309608 kB
VmallocTotal:   34359738367 kB
VmallocUsed:           0 kB
VmallocChunk:          0 kB
Percpu:            11904 kB
HardwareCorrupted:     0 kB
AnonHugePages:    804864 kB
ShmemHugePages:        0 kB
ShmemPmdMapped:        0 kB
HugePages_Total:       0
HugePages_Free:        0
HugePages_Rsvd:        0
HugePages_Surp:        0
Hugepagesize:       2048 kB
Hugetlb:               0 kB
DirectMap4k:      199132 kB
DirectMap2M:     2893824 kB
DirectMap1G:    13631488 kB

container (cgroup) information:
container_type: cgroupv1
cpu_cpuset_cpus: 0-11
cpu_memory_nodes: 0
active_processor_count: 12
cpu_quota: -1
cpu_period: 100000
cpu_shares: -1
memory_limit_in_bytes: -1
memory_and_swap_limit_in_bytes: -1
memory_soft_limit_in_bytes: -1
memory_usage_in_bytes: 1229623296
memory_max_usage_in_bytes: 2750103552


CPU:total 12 (initial active 12) (12 cores per cpu, 1 threads per core) family 23 model 8 stepping 2, cmov, cx8, fxsr, mmx, sse, sse2, sse3, ssse3, sse4.1, sse4.2, popcnt, avx, avx2, aes, clmul, mmxext, 3dnowpref, lzcnt, sse4a, tsc, tscinvbit, tscinv, bmi1

/proc/cpuinfo:
processor	: 0
vendor_id	: AuthenticAMD
cpu family	: 23
model		: 8
model name	: AMD Ryzen 5 2600 Six-Core Processor
stepping	: 2
microcode	: 0x800820b
cpu MHz		: 3849.620
cache size	: 512 KB
physical id	: 0
siblings	: 12
core id		: 0
cpu cores	: 6
apicid		: 0
initial apicid	: 0
fpu		: yes
fpu_exception	: yes
cpuid level	: 13
wp		: yes
flags		: fpu vme de pse tsc msr pae mce cx8 apic sep mtrr pge mca cmov pat pse36 clflush mmx fxsr sse sse2 ht syscall nx mmxext fxsr_opt pdpe1gb rdtscp lm constant_tsc rep_good nopl nonstop_tsc cpuid extd_apicid aperfmperf pni pclmulqdq monitor ssse3 fma cx16 sse4_1 sse4_2 movbe popcnt aes xsave avx f16c rdrand lahf_lm cmp_legacy svm extapic cr8_legacy abm sse4a misalignsse 3dnowprefetch osvw skinit wdt tce topoext perfctr_core perfctr_nb bpext perfctr_llc mwaitx cpb hw_pstate sme ssbd sev ibpb vmmcall fsgsbase bmi1 avx2 smep bmi2 rdseed adx smap clflushopt sha_ni xsaveopt xsavec xgetbv1 xsaves clzero irperf xsaveerptr arat npt lbrv svm_lock nrip_save tsc_scale vmcb_clean flushbyasid decodeassists pausefilter pfthreshold avic v_vmsave_vmload vgif overflow_recov succor smca
bugs		: sysret_ss_attrs null_seg spectre_v1 spectre_v2 spec_store_bypass
bogomips	: 7703.88
TLB size	: 2560 4K pages
clflush size	: 64
cache_alignment	: 64
address sizes	: 43 bits physical, 48 bits virtual
power management: ts ttp tm hwpstate cpb eff_freq_ro [13] [14]

processor	: 1
vendor_id	: AuthenticAMD
cpu family	: 23
model		: 8
model name	: AMD Ryzen 5 2600 Six-Core Processor
stepping	: 2
microcode	: 0x800820b
cpu MHz		: 3848.333
cache size	: 512 KB
physical id	: 0
siblings	: 12
core id		: 1
cpu cores	: 6
apicid		: 2
initial apicid	: 2
fpu		: yes
fpu_exception	: yes
cpuid level	: 13
wp		: yes
flags		: fpu vme de pse tsc msr pae mce cx8 apic sep mtrr pge mca cmov pat pse36 clflush mmx fxsr sse sse2 ht syscall nx mmxext fxsr_opt pdpe1gb rdtscp lm constant_tsc rep_good nopl nonstop_tsc cpuid extd_apicid aperfmperf pni pclmulqdq monitor ssse3 fma cx16 sse4_1 sse4_2 movbe popcnt aes xsave avx f16c rdrand lahf_lm cmp_legacy svm extapic cr8_legacy abm sse4a misalignsse 3dnowprefetch osvw skinit wdt tce topoext perfctr_core perfctr_nb bpext perfctr_llc mwaitx cpb hw_pstate sme ssbd sev ibpb vmmcall fsgsbase bmi1 avx2 smep bmi2 rdseed adx smap clflushopt sha_ni xsaveopt xsavec xgetbv1 xsaves clzero irperf xsaveerptr arat npt lbrv svm_lock nrip_save tsc_scale vmcb_clean flushbyasid decodeassists pausefilter pfthreshold avic v_vmsave_vmload vgif overflow_recov succor smca
bugs		: sysret_ss_attrs null_seg spectre_v1 spectre_v2 spec_store_bypass
bogomips	: 7703.88
TLB size	: 2560 4K pages
clflush size	: 64
cache_alignment	: 64
address sizes	: 43 bits physical, 48 bits virtual
power management: ts ttp tm hwpstate cpb eff_freq_ro [13] [14]

processor	: 2
vendor_id	: AuthenticAMD
cpu family	: 23
model		: 8
model name	: AMD Ryzen 5 2600 Six-Core Processor
stepping	: 2
microcode	: 0x800820b
cpu MHz		: 3668.456
cache size	: 512 KB
physical id	: 0
siblings	: 12
core id		: 2
cpu cores	: 6
apicid		: 4
initial apicid	: 4
fpu		: yes
fpu_exception	: yes
cpuid level	: 13
wp		: yes
flags		: fpu vme de pse tsc msr pae mce cx8 apic sep mtrr pge mca cmov pat pse36 clflush mmx fxsr sse sse2 ht syscall nx mmxext fxsr_opt pdpe1gb rdtscp lm constant_tsc rep_good nopl nonstop_tsc cpuid extd_apicid aperfmperf pni pclmulqdq monitor ssse3 fma cx16 sse4_1 sse4_2 movbe popcnt aes xsave avx f16c rdrand lahf_lm cmp_legacy svm extapic cr8_legacy abm sse4a misalignsse 3dnowprefetch osvw skinit wdt tce topoext perfctr_core perfctr_nb bpext perfctr_llc mwaitx cpb hw_pstate sme ssbd sev ibpb vmmcall fsgsbase bmi1 avx2 smep bmi2 rdseed adx smap clflushopt sha_ni xsaveopt xsavec xgetbv1 xsaves clzero irperf xsaveerptr arat npt lbrv svm_lock nrip_save tsc_scale vmcb_clean flushbyasid decodeassists pausefilter pfthreshold avic v_vmsave_vmload vgif overflow_recov succor smca
bugs		: sysret_ss_attrs null_seg spectre_v1 spectre_v2 spec_store_bypass
bogomips	: 7703.88
TLB size	: 2560 4K pages
clflush size	: 64
cache_alignment	: 64
address sizes	: 43 bits physical, 48 bits virtual
power management: ts ttp tm hwpstate cpb eff_freq_ro [13] [14]

processor	: 3
vendor_id	: AuthenticAMD
cpu family	: 23
model		: 8
model name	: AMD Ryzen 5 2600 Six-Core Processor
stepping	: 2
microcode	: 0x800820b
cpu MHz		: 3849.951
cache size	: 512 KB
physical id	: 0
siblings	: 12
core id		: 4
cpu cores	: 6
apicid		: 8
initial apicid	: 8
fpu		: yes
fpu_exception	: yes
cpuid level	: 13
wp		: yes
flags		: fpu vme de pse tsc msr pae mce cx8 apic sep mtrr pge mca cmov pat pse36 clflush mmx fxsr sse sse2 ht syscall nx mmxext fxsr_opt pdpe1gb rdtscp lm constant_tsc rep_good nopl nonstop_tsc cpuid extd_apicid aperfmperf pni pclmulqdq monitor ssse3 fma cx16 sse4_1 sse4_2 movbe popcnt aes xsave avx f16c rdrand lahf_lm cmp_legacy svm extapic cr8_legacy abm sse4a misalignsse 3dnowprefetch osvw skinit wdt tce topoext perfctr_core perfctr_nb bpext perfctr_llc mwaitx cpb hw_pstate sme ssbd sev ibpb vmmcall fsgsbase bmi1 avx2 smep bmi2 rdseed adx smap clflushopt sha_ni xsaveopt xsavec xgetbv1 xsaves clzero irperf xsaveerptr arat npt lbrv svm_lock nrip_save tsc_scale vmcb_clean flushbyasid decodeassists pausefilter pfthreshold avic v_vmsave_vmload vgif overflow_recov succor smca
bugs		: sysret_ss_attrs null_seg spectre_v1 spectre_v2 spec_store_bypass
bogomips	: 7703.88
TLB size	: 2560 4K pages
clflush size	: 64
cache_alignment	: 64
address sizes	: 43 bits physical, 48 bits virtual
power management: ts ttp tm hwpstate cpb eff_freq_ro [13] [14]

processor	: 4
vendor_id	: AuthenticAMD
cpu family	: 23
model		: 8
model name	: AMD Ryzen 5 2600 Six-Core Processor
stepping	: 2
microcode	: 0x800820b
cpu MHz		: 3498.823
cache size	: 512 KB
physical id	: 0
siblings	: 12
core id		: 5
cpu cores	: 6
apicid		: 10
initial apicid	: 10
fpu		: yes
fpu_exception	: yes
cpuid level	: 13
wp		: yes
flags		: fpu vme de pse tsc msr pae mce cx8 apic sep mtrr pge mca cmov pat pse36 clflush mmx fxsr sse sse2 ht syscall nx mmxext fxsr_opt pdpe1gb rdtscp lm constant_tsc rep_good nopl nonstop_tsc cpuid extd_apicid aperfmperf pni pclmulqdq monitor ssse3 fma cx16 sse4_1 sse4_2 movbe popcnt aes xsave avx f16c rdrand lahf_lm cmp_legacy svm extapic cr8_legacy abm sse4a misalignsse 3dnowprefetch osvw skinit wdt tce topoext perfctr_core perfctr_nb bpext perfctr_llc mwaitx cpb hw_pstate sme ssbd sev ibpb vmmcall fsgsbase bmi1 avx2 smep bmi2 rdseed adx smap clflushopt sha_ni xsaveopt xsavec xgetbv1 xsaves clzero irperf xsaveerptr arat npt lbrv svm_lock nrip_save tsc_scale vmcb_clean flushbyasid decodeassists pausefilter pfthreshold avic v_vmsave_vmload vgif overflow_recov succor smca
bugs		: sysret_ss_attrs null_seg spectre_v1 spectre_v2 spec_store_bypass
bogomips	: 7703.88
TLB size	: 2560 4K pages
clflush size	: 64
cache_alignment	: 64
address sizes	: 43 bits physical, 48 bits virtual
power management: ts ttp tm hwpstate cpb eff_freq_ro [13] [14]

processor	: 5
vendor_id	: AuthenticAMD
cpu family	: 23
model		: 8
model name	: AMD Ryzen 5 2600 Six-Core Processor
stepping	: 2
microcode	: 0x800820b
cpu MHz		: 3848.334
cache size	: 512 KB
physical id	: 0
siblings	: 12
core id		: 6
cpu cores	: 6
apicid		: 12
initial apicid	: 12
fpu		: yes
fpu_exception	: yes
cpuid level	: 13
wp		: yes
flags		: fpu vme de pse tsc msr pae mce cx8 apic sep mtrr pge mca cmov pat pse36 clflush mmx fxsr sse sse2 ht syscall nx mmxext fxsr_opt pdpe1gb rdtscp lm constant_tsc rep_good nopl nonstop_tsc cpuid extd_apicid aperfmperf pni pclmulqdq monitor ssse3 fma cx16 sse4_1 sse4_2 movbe popcnt aes xsave avx f16c rdrand lahf_lm cmp_legacy svm extapic cr8_legacy abm sse4a misalignsse 3dnowprefetch osvw skinit wdt tce topoext perfctr_core perfctr_nb bpext perfctr_llc mwaitx cpb hw_pstate sme ssbd sev ibpb vmmcall fsgsbase bmi1 avx2 smep bmi2 rdseed adx smap clflushopt sha_ni xsaveopt xsavec xgetbv1 xsaves clzero irperf xsaveerptr arat npt lbrv svm_lock nrip_save tsc_scale vmcb_clean flushbyasid decodeassists pausefilter pfthreshold avic v_vmsave_vmload vgif overflow_recov succor smca
bugs		: sysret_ss_attrs null_seg spectre_v1 spectre_v2 spec_store_bypass
bogomips	: 7703.88
TLB size	: 2560 4K pages
clflush size	: 64
cache_alignment	: 64
address sizes	: 43 bits physical, 48 bits virtual
power management: ts ttp tm hwpstate cpb eff_freq_ro [13] [14]

processor	: 6
vendor_id	: AuthenticAMD
cpu family	: 23
model		: 8
model name	: AMD Ryzen 5 2600 Six-Core Processor
stepping	: 2
microcode	: 0x800820b
cpu MHz		: 3851.517
cache size	: 512 KB
physical id	: 0
siblings	: 12
core id		: 0
cpu cores	: 6
apicid		: 1
initial apicid	: 1
fpu		: yes
fpu_exception	: yes
cpuid level	: 13
wp		: yes
flags		: fpu vme de pse tsc msr pae mce cx8 apic sep mtrr pge mca cmov pat pse36 clflush mmx fxsr sse sse2 ht syscall nx mmxext fxsr_opt pdpe1gb rdtscp lm constant_tsc rep_good nopl nonstop_tsc cpuid extd_apicid aperfmperf pni pclmulqdq monitor ssse3 fma cx16 sse4_1 sse4_2 movbe popcnt aes xsave avx f16c rdrand lahf_lm cmp_legacy svm extapic cr8_legacy abm sse4a misalignsse 3dnowprefetch osvw skinit wdt tce topoext perfctr_core perfctr_nb bpext perfctr_llc mwaitx cpb hw_pstate sme ssbd sev ibpb vmmcall fsgsbase bmi1 avx2 smep bmi2 rdseed adx smap clflushopt sha_ni xsaveopt xsavec xgetbv1 xsaves clzero irperf xsaveerptr arat npt lbrv svm_lock nrip_save tsc_scale vmcb_clean flushbyasid decodeassists pausefilter pfthreshold avic v_vmsave_vmload vgif overflow_recov succor smca
bugs		: sysret_ss_attrs null_seg spectre_v1 spectre_v2 spec_store_bypass
bogomips	: 7703.88
TLB size	: 2560 4K pages
clflush size	: 64
cache_alignment	: 64
address sizes	: 43 bits physical, 48 bits virtual
power management: ts ttp tm hwpstate cpb eff_freq_ro [13] [14]

processor	: 7
vendor_id	: AuthenticAMD
cpu family	: 23
model		: 8
model name	: AMD Ryzen 5 2600 Six-Core Processor
stepping	: 2
microcode	: 0x800820b
cpu MHz		: 3849.991
cache size	: 512 KB
physical id	: 0
siblings	: 12
core id		: 1
cpu cores	: 6
apicid		: 3
initial apicid	: 3
fpu		: yes
fpu_exception	: yes
cpuid level	: 13
wp		: yes
flags		: fpu vme de pse tsc msr pae mce cx8 apic sep mtrr pge mca cmov pat pse36 clflush mmx fxsr sse sse2 ht syscall nx mmxext fxsr_opt pdpe1gb rdtscp lm constant_tsc rep_good nopl nonstop_tsc cpuid extd_apicid aperfmperf pni pclmulqdq monitor ssse3 fma cx16 sse4_1 sse4_2 movbe popcnt aes xsave avx f16c rdrand lahf_lm cmp_legacy svm extapic cr8_legacy abm sse4a misalignsse 3dnowprefetch osvw skinit wdt tce topoext perfctr_core perfctr_nb bpext perfctr_llc mwaitx cpb hw_pstate sme ssbd sev ibpb vmmcall fsgsbase bmi1 avx2 smep bmi2 rdseed adx smap clflushopt sha_ni xsaveopt xsavec xgetbv1 xsaves clzero irperf xsaveerptr arat npt lbrv svm_lock nrip_save tsc_scale vmcb_clean flushbyasid decodeassists pausefilter pfthreshold avic v_vmsave_vmload vgif overflow_recov succor smca
bugs		: sysret_ss_attrs null_seg spectre_v1 spectre_v2 spec_store_bypass
bogomips	: 7703.88
TLB size	: 2560 4K pages
clflush size	: 64
cache_alignment	: 64
address sizes	: 43 bits physical, 48 bits virtual
power management: ts ttp tm hwpstate cpb eff_freq_ro [13] [14]

processor	: 8
vendor_id	: AuthenticAMD
cpu family	: 23
model		: 8
model name	: AMD Ryzen 5 2600 Six-Core Processor
stepping	: 2
microcode	: 0x800820b
cpu MHz		: 3150.904
cache size	: 512 KB
physical id	: 0
siblings	: 12
core id		: 2
cpu cores	: 6
apicid		: 5
initial apicid	: 5
fpu		: yes
fpu_exception	: yes
cpuid level	: 13
wp		: yes
flags		: fpu vme de pse tsc msr pae mce cx8 apic sep mtrr pge mca cmov pat pse36 clflush mmx fxsr sse sse2 ht syscall nx mmxext fxsr_opt pdpe1gb rdtscp lm constant_tsc rep_good nopl nonstop_tsc cpuid extd_apicid aperfmperf pni pclmulqdq monitor ssse3 fma cx16 sse4_1 sse4_2 movbe popcnt aes xsave avx f16c rdrand lahf_lm cmp_legacy svm extapic cr8_legacy abm sse4a misalignsse 3dnowprefetch osvw skinit wdt tce topoext perfctr_core perfctr_nb bpext perfctr_llc mwaitx cpb hw_pstate sme ssbd sev ibpb vmmcall fsgsbase bmi1 avx2 smep bmi2 rdseed adx smap clflushopt sha_ni xsaveopt xsavec xgetbv1 xsaves clzero irperf xsaveerptr arat npt lbrv svm_lock nrip_save tsc_scale vmcb_clean flushbyasid decodeassists pausefilter pfthreshold avic v_vmsave_vmload vgif overflow_recov succor smca
bugs		: sysret_ss_attrs null_seg spectre_v1 spectre_v2 spec_store_bypass
bogomips	: 7703.88
TLB size	: 2560 4K pages
clflush size	: 64
cache_alignment	: 64
address sizes	: 43 bits physical, 48 bits virtual
power management: ts ttp tm hwpstate cpb eff_freq_ro [13] [14]

processor	: 9
vendor_id	: AuthenticAMD
cpu family	: 23
model		: 8
model name	: AMD Ryzen 5 2600 Six-Core Processor
stepping	: 2
microcode	: 0x800820b
cpu MHz		: 3850.015
cache size	: 512 KB
physical id	: 0
siblings	: 12
core id		: 4
cpu cores	: 6
apicid		: 9
initial apicid	: 9
fpu		: yes
fpu_exception	: yes
cpuid level	: 13
wp		: yes
flags		: fpu vme de pse tsc msr pae mce cx8 apic sep mtrr pge mca cmov pat pse36 clflush mmx fxsr sse sse2 ht syscall nx mmxext fxsr_opt pdpe1gb rdtscp lm constant_tsc rep_good nopl nonstop_tsc cpuid extd_apicid aperfmperf pni pclmulqdq monitor ssse3 fma cx16 sse4_1 sse4_2 movbe popcnt aes xsave avx f16c rdrand lahf_lm cmp_legacy svm extapic cr8_legacy abm sse4a misalignsse 3dnowprefetch osvw skinit wdt tce topoext perfctr_core perfctr_nb bpext perfctr_llc mwaitx cpb hw_pstate sme ssbd sev ibpb vmmcall fsgsbase bmi1 avx2 smep bmi2 rdseed adx smap clflushopt sha_ni xsaveopt xsavec xgetbv1 xsaves clzero irperf xsaveerptr arat npt lbrv svm_lock nrip_save tsc_scale vmcb_clean flushbyasid decodeassists pausefilter pfthreshold avic v_vmsave_vmload vgif overflow_recov succor smca
bugs		: sysret_ss_attrs null_seg spectre_v1 spectre_v2 spec_store_bypass
bogomips	: 7703.88
TLB size	: 2560 4K pages
clflush size	: 64
cache_alignment	: 64
address sizes	: 43 bits physical, 48 bits virtual
power management: ts ttp tm hwpstate cpb eff_freq_ro [13] [14]

processor	: 10
vendor_id	: AuthenticAMD
cpu family	: 23
model		: 8
model name	: AMD Ryzen 5 2600 Six-Core Processor
stepping	: 2
microcode	: 0x800820b
cpu MHz		: 3793.326
cache size	: 512 KB
physical id	: 0
siblings	: 12
core id		: 5
cpu cores	: 6
apicid		: 11
initial apicid	: 11
fpu		: yes
fpu_exception	: yes
cpuid level	: 13
wp		: yes
flags		: fpu vme de pse tsc msr pae mce cx8 apic sep mtrr pge mca cmov pat pse36 clflush mmx fxsr sse sse2 ht syscall nx mmxext fxsr_opt pdpe1gb rdtscp lm constant_tsc rep_good nopl nonstop_tsc cpuid extd_apicid aperfmperf pni pclmulqdq monitor ssse3 fma cx16 sse4_1 sse4_2 movbe popcnt aes xsave avx f16c rdrand lahf_lm cmp_legacy svm extapic cr8_legacy abm sse4a misalignsse 3dnowprefetch osvw skinit wdt tce topoext perfctr_core perfctr_nb bpext perfctr_llc mwaitx cpb hw_pstate sme ssbd sev ibpb vmmcall fsgsbase bmi1 avx2 smep bmi2 rdseed adx smap clflushopt sha_ni xsaveopt xsavec xgetbv1 xsaves clzero irperf xsaveerptr arat npt lbrv svm_lock nrip_save tsc_scale vmcb_clean flushbyasid decodeassists pausefilter pfthreshold avic v_vmsave_vmload vgif overflow_recov succor smca
bugs		: sysret_ss_attrs null_seg spectre_v1 spectre_v2 spec_store_bypass
bogomips	: 7703.88
TLB size	: 2560 4K pages
clflush size	: 64
cache_alignment	: 64
address sizes	: 43 bits physical, 48 bits virtual
power management: ts ttp tm hwpstate cpb eff_freq_ro [13] [14]

processor	: 11
vendor_id	: AuthenticAMD
cpu family	: 23
model		: 8
model name	: AMD Ryzen 5 2600 Six-Core Processor
stepping	: 2
microcode	: 0x800820b
cpu MHz		: 3842.814
cache size	: 512 KB
physical id	: 0
siblings	: 12
core id		: 6
cpu cores	: 6
apicid		: 13
initial apicid	: 13
fpu		: yes
fpu_exception	: yes
cpuid level	: 13
wp		: yes
flags		: fpu vme de pse tsc msr pae mce cx8 apic sep mtrr pge mca cmov pat pse36 clflush mmx fxsr sse sse2 ht syscall nx mmxext fxsr_opt pdpe1gb rdtscp lm constant_tsc rep_good nopl nonstop_tsc cpuid extd_apicid aperfmperf pni pclmulqdq monitor ssse3 fma cx16 sse4_1 sse4_2 movbe popcnt aes xsave avx f16c rdrand lahf_lm cmp_legacy svm extapic cr8_legacy abm sse4a misalignsse 3dnowprefetch osvw skinit wdt tce topoext perfctr_core perfctr_nb bpext perfctr_llc mwaitx cpb hw_pstate sme ssbd sev ibpb vmmcall fsgsbase bmi1 avx2 smep bmi2 rdseed adx smap clflushopt sha_ni xsaveopt xsavec xgetbv1 xsaves clzero irperf xsaveerptr arat npt lbrv svm_lock nrip_save tsc_scale vmcb_clean flushbyasid decodeassists pausefilter pfthreshold avic v_vmsave_vmload vgif overflow_recov succor smca
bugs		: sysret_ss_attrs null_seg spectre_v1 spectre_v2 spec_store_bypass
bogomips	: 7703.88
TLB size	: 2560 4K pages
clflush size	: 64
cache_alignment	: 64
address sizes	: 43 bits physical, 48 bits virtual
power management: ts ttp tm hwpstate cpb eff_freq_ro [13] [14]



Memory: 4k page, physical 16364464k(14488228k free), swap 0k(0k free)

vm_info: OpenJDK 64-Bit Server VM (25.222-b05) for linux-amd64 JRE (1.8.0_222-b05), built on Jun 18 2019 08:19:03 by "builduser" with gcc 8.3.0

time: Thu Jul  4 19:01:56 2019
timezone: JST
elapsed time: 0 seconds (0d 0h 0m 0s)

